2021-01-13 23:12:56,166 - TEST TODO APPLICATION - INFO - Verify the application is up and running
2021-01-13 23:12:56,166 - TEST TODO APPLICATION - DEBUG - Check localhost is running in-order to confirm application is up
2021-01-13 23:12:56,168 - TEST TODO APPLICATION - DEBUG - Loading URL http://localhost:3000/ page
2021-01-13 23:12:56,474 - TEST TODO APPLICATION - INFO - 1. Check the basic functions
2021-01-13 23:12:56,474 - TEST TODO APPLICATION - INFO - 1.1 Check whether the header in the web-page is "Todo list"
2021-01-13 23:12:56,474 - TEST TODO APPLICATION - DEBUG - This function finds the webelemets by class name and returns the web-object
2021-01-13 23:12:56,535 - TEST TODO APPLICATION - INFO - 1.2 Check whether the page has "Todo group" to add all Todo-Item
2021-01-13 23:12:56,535 - TEST TODO APPLICATION - DEBUG - Check todo group present in the page, this is done by comparing         the number of total tasks with length of todo group items.
2021-01-13 23:12:56,545 - TEST TODO APPLICATION - DEBUG - Get the count of Toto-items
2021-01-13 23:12:56,550 - TEST TODO APPLICATION - INFO - 1.3 Check whether total count of tasks in to-do list to be greater than 0
2021-01-13 23:12:56,550 - TEST TODO APPLICATION - DEBUG - Get the count of Toto-items
2021-01-13 23:12:56,555 - TEST TODO APPLICATION - INFO - 1.4 Check whether total count of done tasks in to-do list to be greater than 0
2021-01-13 23:12:56,555 - TEST TODO APPLICATION - DEBUG - Get the count of Toto-items which are marked as done
2021-01-13 23:12:56,563 - TEST TODO APPLICATION - INFO - 1.5 Check whether total count of undone task in to-do list to be greater than 0
2021-01-13 23:12:56,563 - TEST TODO APPLICATION - DEBUG - Get the count of Toto-items which are marked as undone
2021-01-13 23:12:56,570 - TEST TODO APPLICATION - INFO - 1.6 Check whether there are proper close buttons for all the tasks
2021-01-13 23:12:56,573 - TEST TODO APPLICATION - DEBUG - This function validates whether proper close buttons are present in each task
2021-01-13 23:12:56,607 - TEST TODO APPLICATION - DEBUG - Get the count of Toto-items
2021-01-13 23:12:56,612 - TEST TODO APPLICATION - INFO - 1.7 Check whether there are proper selection buttons for all the respective tasks
2021-01-13 23:12:56,612 - TEST TODO APPLICATION - DEBUG - This function validates whether proper selection buttons are present in each task
2021-01-13 23:12:56,646 - TEST TODO APPLICATION - DEBUG - Get the count of Toto-items which are marked as undone
2021-01-13 23:12:56,652 - TEST TODO APPLICATION - DEBUG - Get the count of Toto-items which are marked as done
2021-01-13 23:12:56,657 - TEST TODO APPLICATION - INFO - 1.8 Check whether add task text box is present
2021-01-13 23:12:56,658 - TEST TODO APPLICATION - DEBUG - This function validates add task test box present
2021-01-13 23:12:58,599 - TEST TODO APPLICATION - INFO - 2. Verify the application is up and running
2021-01-13 23:12:58,601 - TEST TODO APPLICATION - DEBUG - Check localhost is running in-order to confirm application is up
2021-01-13 23:12:58,605 - TEST TODO APPLICATION - DEBUG - Loading URL http://localhost:3000/ page
2021-01-13 23:12:58,898 - TEST TODO APPLICATION - DEBUG - Get the state of all the tasks before adding a new task
2021-01-13 23:12:58,898 - TEST TODO APPLICATION - DEBUG - This function collects all the tasks from the page and return the state as dictionary
2021-01-13 23:12:59,021 - TEST TODO APPLICATION - INFO - Add a new task
2021-01-13 23:12:59,021 - TEST TODO APPLICATION - DEBUG - Adds task: new
2021-01-13 23:12:59,105 - TEST TODO APPLICATION - DEBUG - Check added task new is visible to the user
2021-01-13 23:12:59,106 - TEST TODO APPLICATION - DEBUG - Get the state of all the tasks after adding a new task
2021-01-13 23:12:59,106 - TEST TODO APPLICATION - DEBUG - This function collects all the tasks from the page and return the state as dictionary
2021-01-13 23:12:59,202 - TEST TODO APPLICATION - INFO - Verify the task added
2021-01-13 23:12:59,204 - TEST TODO APPLICATION - INFO - Change the task added task "new" to be done
2021-01-13 23:12:59,255 - TEST TODO APPLICATION - DEBUG - Get the state of all the tasks after changing the added task to         done to validate nothing changed in the state page
2021-01-13 23:12:59,255 - TEST TODO APPLICATION - DEBUG - This function collects all the tasks from the page and return the state as dictionary
2021-01-13 23:12:59,342 - TEST TODO APPLICATION - INFO - Add teh same task again and check it works fine
2021-01-13 23:12:59,342 - TEST TODO APPLICATION - DEBUG - Get the state of all the tasks before adding a new task
2021-01-13 23:12:59,342 - TEST TODO APPLICATION - DEBUG - This function collects all the tasks from the page and return the state as dictionary
2021-01-13 23:12:59,425 - TEST TODO APPLICATION - INFO - Add a new task
2021-01-13 23:12:59,425 - TEST TODO APPLICATION - DEBUG - Adds task: new
2021-01-13 23:12:59,474 - TEST TODO APPLICATION - DEBUG - Check added task new is visible to the user
2021-01-13 23:12:59,474 - TEST TODO APPLICATION - DEBUG - Get the state of all the tasks after adding a new task
2021-01-13 23:12:59,474 - TEST TODO APPLICATION - DEBUG - This function collects all the tasks from the page and return the state as dictionary
2021-01-13 23:12:59,593 - TEST TODO APPLICATION - INFO - Verify the task added
2021-01-13 23:12:59,593 - TEST TODO APPLICATION - INFO - Change the task added task "new" to be done
2021-01-13 23:12:59,630 - TEST TODO APPLICATION - DEBUG - Get the state of all the tasks after changing the added task to         done to validate nothing changed in the state page
2021-01-13 23:12:59,630 - TEST TODO APPLICATION - DEBUG - This function collects all the tasks from the page and return the state as dictionary
2021-01-13 23:13:01,583 - TEST TODO APPLICATION - INFO - 3. Verify the application is up and running
2021-01-13 23:13:01,583 - TEST TODO APPLICATION - DEBUG - Check localhost is running in-order to confirm application is up
2021-01-13 23:13:01,585 - TEST TODO APPLICATION - DEBUG - Loading URL http://localhost:3000/ page
2021-01-13 23:13:01,903 - TEST TODO APPLICATION - DEBUG - Get the state of all the tasks before adding a new task
2021-01-13 23:13:01,903 - TEST TODO APPLICATION - DEBUG - This function collects all the tasks from the page and return the state as dictionary
2021-01-13 23:13:02,017 - TEST TODO APPLICATION - INFO - Add a new task
2021-01-13 23:13:02,017 - TEST TODO APPLICATION - DEBUG - Adds task:            
2021-01-13 23:13:02,110 - TEST TODO APPLICATION - DEBUG - Check added task             is visible to the user
2021-01-13 23:13:02,110 - TEST TODO APPLICATION - DEBUG - Get the state of all the tasks after adding a new task
2021-01-13 23:13:02,110 - TEST TODO APPLICATION - DEBUG - This function collects all the tasks from the page and return the state as dictionary
2021-01-13 23:13:02,209 - TEST TODO APPLICATION - INFO - Verify the task added
2021-01-13 23:13:02,209 - TEST TODO APPLICATION - INFO - Change the task added task "           " to be done
2021-01-13 23:13:02,254 - TEST TODO APPLICATION - DEBUG - Get the state of all the tasks after changing the added task to         done to validate nothing changed in the state page
2021-01-13 23:13:02,254 - TEST TODO APPLICATION - DEBUG - This function collects all the tasks from the page and return the state as dictionary
2021-01-13 23:13:02,344 - TEST TODO APPLICATION - INFO - Add the same task again and check it works fine
2021-01-13 23:13:02,344 - TEST TODO APPLICATION - DEBUG - Get the state of all the tasks before adding a new task
2021-01-13 23:13:02,344 - TEST TODO APPLICATION - DEBUG - This function collects all the tasks from the page and return the state as dictionary
2021-01-13 23:13:02,429 - TEST TODO APPLICATION - INFO - Add a new task
2021-01-13 23:13:02,429 - TEST TODO APPLICATION - DEBUG - Adds task:            
2021-01-13 23:13:02,488 - TEST TODO APPLICATION - DEBUG - Check added task             is visible to the user
2021-01-13 23:13:02,488 - TEST TODO APPLICATION - DEBUG - Get the state of all the tasks after adding a new task
2021-01-13 23:13:02,488 - TEST TODO APPLICATION - DEBUG - This function collects all the tasks from the page and return the state as dictionary
2021-01-13 23:13:02,606 - TEST TODO APPLICATION - INFO - Verify the task added
2021-01-13 23:13:02,606 - TEST TODO APPLICATION - INFO - Change the task added task "           " to be done
2021-01-13 23:13:02,641 - TEST TODO APPLICATION - DEBUG - Get the state of all the tasks after changing the added task to         done to validate nothing changed in the state page
2021-01-13 23:13:02,641 - TEST TODO APPLICATION - DEBUG - This function collects all the tasks from the page and return the state as dictionary
2021-01-13 23:13:02,755 - TEST TODO APPLICATION - DEBUG - Get the state of all the tasks before adding a new task
2021-01-13 23:13:02,755 - TEST TODO APPLICATION - DEBUG - This function collects all the tasks from the page and return the state as dictionary
2021-01-13 23:13:02,860 - TEST TODO APPLICATION - INFO - Add a new task
2021-01-13 23:13:02,860 - TEST TODO APPLICATION - DEBUG - Adds task: $$$$$$$$$$$$$
2021-01-13 23:13:02,927 - TEST TODO APPLICATION - DEBUG - Check added task $$$$$$$$$$$$$ is visible to the user
2021-01-13 23:13:02,927 - TEST TODO APPLICATION - DEBUG - Get the state of all the tasks after adding a new task
2021-01-13 23:13:02,927 - TEST TODO APPLICATION - DEBUG - This function collects all the tasks from the page and return the state as dictionary
2021-01-13 23:13:03,065 - TEST TODO APPLICATION - INFO - Verify the task added
2021-01-13 23:13:03,066 - TEST TODO APPLICATION - INFO - Change the task added task "$$$$$$$$$$$$$" to be done
2021-01-13 23:13:03,101 - TEST TODO APPLICATION - DEBUG - Get the state of all the tasks after changing the added task to         done to validate nothing changed in the state page
2021-01-13 23:13:03,101 - TEST TODO APPLICATION - DEBUG - This function collects all the tasks from the page and return the state as dictionary
2021-01-13 23:13:03,225 - TEST TODO APPLICATION - INFO - Add the same task again and check it works fine
2021-01-13 23:13:03,225 - TEST TODO APPLICATION - DEBUG - Get the state of all the tasks before adding a new task
2021-01-13 23:13:03,225 - TEST TODO APPLICATION - DEBUG - This function collects all the tasks from the page and return the state as dictionary
2021-01-13 23:13:03,325 - TEST TODO APPLICATION - INFO - Add a new task
2021-01-13 23:13:03,325 - TEST TODO APPLICATION - DEBUG - Adds task: $$$$$$$$$$$$$
2021-01-13 23:13:03,378 - TEST TODO APPLICATION - DEBUG - Check added task $$$$$$$$$$$$$ is visible to the user
2021-01-13 23:13:03,378 - TEST TODO APPLICATION - DEBUG - Get the state of all the tasks after adding a new task
2021-01-13 23:13:03,378 - TEST TODO APPLICATION - DEBUG - This function collects all the tasks from the page and return the state as dictionary
2021-01-13 23:13:03,518 - TEST TODO APPLICATION - INFO - Verify the task added
2021-01-13 23:13:03,518 - TEST TODO APPLICATION - INFO - Change the task added task "$$$$$$$$$$$$$" to be done
2021-01-13 23:13:03,554 - TEST TODO APPLICATION - DEBUG - Get the state of all the tasks after changing the added task to         done to validate nothing changed in the state page
2021-01-13 23:13:03,554 - TEST TODO APPLICATION - DEBUG - This function collects all the tasks from the page and return the state as dictionary
2021-01-13 23:13:03,691 - TEST TODO APPLICATION - DEBUG - Get the state of all the tasks before adding a new task
2021-01-13 23:13:03,691 - TEST TODO APPLICATION - DEBUG - This function collects all the tasks from the page and return the state as dictionary
2021-01-13 23:13:03,820 - TEST TODO APPLICATION - INFO - Add a new task
2021-01-13 23:13:03,820 - TEST TODO APPLICATION - DEBUG - Adds task: eyuewgwu*$#@%^&
2021-01-13 23:13:03,885 - TEST TODO APPLICATION - DEBUG - Check added task eyuewgwu*$#@%^& is visible to the user
2021-01-13 23:13:03,885 - TEST TODO APPLICATION - DEBUG - Get the state of all the tasks after adding a new task
2021-01-13 23:13:03,885 - TEST TODO APPLICATION - DEBUG - This function collects all the tasks from the page and return the state as dictionary
2021-01-13 23:13:04,049 - TEST TODO APPLICATION - INFO - Verify the task added
2021-01-13 23:13:04,049 - TEST TODO APPLICATION - INFO - Change the task added task "eyuewgwu*$#@%^&" to be done
2021-01-13 23:13:04,086 - TEST TODO APPLICATION - DEBUG - Get the state of all the tasks after changing the added task to         done to validate nothing changed in the state page
2021-01-13 23:13:04,086 - TEST TODO APPLICATION - DEBUG - This function collects all the tasks from the page and return the state as dictionary
2021-01-13 23:13:04,237 - TEST TODO APPLICATION - INFO - Add the same task again and check it works fine
2021-01-13 23:13:04,237 - TEST TODO APPLICATION - DEBUG - Get the state of all the tasks before adding a new task
2021-01-13 23:13:04,237 - TEST TODO APPLICATION - DEBUG - This function collects all the tasks from the page and return the state as dictionary
2021-01-13 23:13:04,382 - TEST TODO APPLICATION - INFO - Add a new task
2021-01-13 23:13:04,382 - TEST TODO APPLICATION - DEBUG - Adds task: eyuewgwu*$#@%^&
2021-01-13 23:13:04,433 - TEST TODO APPLICATION - DEBUG - Check added task eyuewgwu*$#@%^& is visible to the user
2021-01-13 23:13:04,433 - TEST TODO APPLICATION - DEBUG - Get the state of all the tasks after adding a new task
2021-01-13 23:13:04,433 - TEST TODO APPLICATION - DEBUG - This function collects all the tasks from the page and return the state as dictionary
2021-01-13 23:13:04,627 - TEST TODO APPLICATION - INFO - Verify the task added
2021-01-13 23:13:04,627 - TEST TODO APPLICATION - INFO - Change the task added task "eyuewgwu*$#@%^&" to be done
2021-01-13 23:13:04,663 - TEST TODO APPLICATION - DEBUG - Get the state of all the tasks after changing the added task to         done to validate nothing changed in the state page
2021-01-13 23:13:04,663 - TEST TODO APPLICATION - DEBUG - This function collects all the tasks from the page and return the state as dictionary
2021-01-13 23:13:04,845 - TEST TODO APPLICATION - DEBUG - Get the state of all the tasks before adding a new task
2021-01-13 23:13:04,845 - TEST TODO APPLICATION - DEBUG - This function collects all the tasks from the page and return the state as dictionary
2021-01-13 23:13:05,030 - TEST TODO APPLICATION - INFO - Add a new task
2021-01-13 23:13:05,030 - TEST TODO APPLICATION - DEBUG - Adds task: "its a task with space"
2021-01-13 23:13:05,092 - TEST TODO APPLICATION - DEBUG - Check added task "its a task with space" is visible to the user
2021-01-13 23:13:05,092 - TEST TODO APPLICATION - DEBUG - Get the state of all the tasks after adding a new task
2021-01-13 23:13:05,092 - TEST TODO APPLICATION - DEBUG - This function collects all the tasks from the page and return the state as dictionary
2021-01-13 23:13:05,303 - TEST TODO APPLICATION - INFO - Verify the task added
2021-01-13 23:13:05,303 - TEST TODO APPLICATION - INFO - Change the task added task ""its a task with space"" to be done
2021-01-13 23:13:05,341 - TEST TODO APPLICATION - DEBUG - Get the state of all the tasks after changing the added task to         done to validate nothing changed in the state page
2021-01-13 23:13:05,341 - TEST TODO APPLICATION - DEBUG - This function collects all the tasks from the page and return the state as dictionary
2021-01-13 23:13:05,519 - TEST TODO APPLICATION - INFO - Add the same task again and check it works fine
2021-01-13 23:13:05,519 - TEST TODO APPLICATION - DEBUG - Get the state of all the tasks before adding a new task
2021-01-13 23:13:05,519 - TEST TODO APPLICATION - DEBUG - This function collects all the tasks from the page and return the state as dictionary
2021-01-13 23:13:05,695 - TEST TODO APPLICATION - INFO - Add a new task
2021-01-13 23:13:05,695 - TEST TODO APPLICATION - DEBUG - Adds task: "its a task with space"
2021-01-13 23:13:05,761 - TEST TODO APPLICATION - DEBUG - Check added task "its a task with space" is visible to the user
2021-01-13 23:13:05,761 - TEST TODO APPLICATION - DEBUG - Get the state of all the tasks after adding a new task
2021-01-13 23:13:05,761 - TEST TODO APPLICATION - DEBUG - This function collects all the tasks from the page and return the state as dictionary
2021-01-13 23:13:06,002 - TEST TODO APPLICATION - INFO - Verify the task added
2021-01-13 23:13:06,002 - TEST TODO APPLICATION - INFO - Change the task added task ""its a task with space"" to be done
2021-01-13 23:13:06,038 - TEST TODO APPLICATION - DEBUG - Get the state of all the tasks after changing the added task to         done to validate nothing changed in the state page
2021-01-13 23:13:06,039 - TEST TODO APPLICATION - DEBUG - This function collects all the tasks from the page and return the state as dictionary
2021-01-13 23:13:06,262 - TEST TODO APPLICATION - DEBUG - Get the state of all the tasks before adding a new task
2021-01-13 23:13:06,262 - TEST TODO APPLICATION - DEBUG - This function collects all the tasks from the page and return the state as dictionary
2021-01-13 23:13:06,483 - TEST TODO APPLICATION - INFO - Add a new task
2021-01-13 23:13:06,483 - TEST TODO APPLICATION - DEBUG - Adds task: "really long task really long task really long task really long task really long task really long task really long task really long task really long task really long task really long task really long task really long task really long task really long task really long task really long task really long task really long task really long task really long"
2021-01-13 23:13:06,797 - TEST TODO APPLICATION - DEBUG - Check added task "really long task really long task really long task really long task really long task really long task really long task really long task really long task really long task really long task really long task really long task really long task really long task really long task really long task really long task really long task really long task really long" is visible to the user
2021-01-13 23:13:06,797 - TEST TODO APPLICATION - DEBUG - Get the state of all the tasks after adding a new task
2021-01-13 23:13:06,798 - TEST TODO APPLICATION - DEBUG - This function collects all the tasks from the page and return the state as dictionary
2021-01-13 23:13:07,053 - TEST TODO APPLICATION - INFO - Verify the task added
2021-01-13 23:13:07,054 - TEST TODO APPLICATION - INFO - Change the task added task ""really long task really long task really long task really long task really long task really long task really long task really long task really long task really long task really long task really long task really long task really long task really long task really long task really long task really long task really long task really long task really long"" to be done
2021-01-13 23:13:07,095 - TEST TODO APPLICATION - DEBUG - Get the state of all the tasks after changing the added task to         done to validate nothing changed in the state page
2021-01-13 23:13:07,095 - TEST TODO APPLICATION - DEBUG - This function collects all the tasks from the page and return the state as dictionary
2021-01-13 23:13:07,327 - TEST TODO APPLICATION - INFO - Add the same task again and check it works fine
2021-01-13 23:13:07,327 - TEST TODO APPLICATION - DEBUG - Get the state of all the tasks before adding a new task
2021-01-13 23:13:07,327 - TEST TODO APPLICATION - DEBUG - This function collects all the tasks from the page and return the state as dictionary
2021-01-13 23:13:07,539 - TEST TODO APPLICATION - INFO - Add a new task
2021-01-13 23:13:07,539 - TEST TODO APPLICATION - DEBUG - Adds task: "really long task really long task really long task really long task really long task really long task really long task really long task really long task really long task really long task really long task really long task really long task really long task really long task really long task really long task really long task really long task really long"
2021-01-13 23:13:07,863 - TEST TODO APPLICATION - DEBUG - Check added task "really long task really long task really long task really long task really long task really long task really long task really long task really long task really long task really long task really long task really long task really long task really long task really long task really long task really long task really long task really long task really long" is visible to the user
2021-01-13 23:13:07,863 - TEST TODO APPLICATION - DEBUG - Get the state of all the tasks after adding a new task
2021-01-13 23:13:07,863 - TEST TODO APPLICATION - DEBUG - This function collects all the tasks from the page and return the state as dictionary
2021-01-13 23:13:08,147 - TEST TODO APPLICATION - INFO - Verify the task added
2021-01-13 23:13:08,147 - TEST TODO APPLICATION - INFO - Change the task added task ""really long task really long task really long task really long task really long task really long task really long task really long task really long task really long task really long task really long task really long task really long task really long task really long task really long task really long task really long task really long task really long"" to be done
2021-01-13 23:13:08,184 - TEST TODO APPLICATION - DEBUG - Get the state of all the tasks after changing the added task to         done to validate nothing changed in the state page
2021-01-13 23:13:08,184 - TEST TODO APPLICATION - DEBUG - This function collects all the tasks from the page and return the state as dictionary
2021-01-13 23:13:10,267 - TEST TODO APPLICATION - INFO - 5. Verify the application is up and running
2021-01-13 23:13:10,267 - TEST TODO APPLICATION - DEBUG - Check localhost is running in-order to confirm application is up
2021-01-13 23:13:10,270 - TEST TODO APPLICATION - DEBUG - Loading URL http://localhost:3000/ page
2021-01-13 23:13:10,651 - TEST TODO APPLICATION - INFO - Add a new task to the page
2021-01-13 23:13:10,651 - TEST TODO APPLICATION - DEBUG - Adds task: test_task_add
2021-01-13 23:13:10,757 - TEST TODO APPLICATION - DEBUG - Check added task test_task_add is visible to the user
2021-01-13 23:13:10,757 - TEST TODO APPLICATION - INFO - Modify "test_task_add"
2021-01-13 23:13:10,815 - TEST TODO APPLICATION - INFO - Modify "test_task_add" task again
2021-01-13 23:13:10,917 - TEST TODO APPLICATION - INFO - Delete task: "test_task_add"
2021-01-13 23:13:10,964 - TEST TODO APPLICATION - INFO - Add a new task to the page
2021-01-13 23:13:10,964 - TEST TODO APPLICATION - DEBUG - Adds task: test_task_add
2021-01-13 23:13:11,027 - TEST TODO APPLICATION - DEBUG - Check added task test_task_add is visible to the user
2021-01-13 23:13:11,028 - TEST TODO APPLICATION - INFO - Modify "test_task_add"
2021-01-13 23:13:11,063 - TEST TODO APPLICATION - INFO - Modify "test_task_add" task again
2021-01-13 23:13:11,096 - TEST TODO APPLICATION - INFO - Delete task: "test_task_add"
2021-01-13 23:13:11,130 - TEST TODO APPLICATION - INFO - Add a new task to the page
2021-01-13 23:13:11,130 - TEST TODO APPLICATION - DEBUG - Adds task: test_task_add
2021-01-13 23:13:11,174 - TEST TODO APPLICATION - DEBUG - Check added task test_task_add is visible to the user
2021-01-13 23:13:11,174 - TEST TODO APPLICATION - INFO - Modify "test_task_add"
2021-01-13 23:13:11,208 - TEST TODO APPLICATION - INFO - Modify "test_task_add" task again
2021-01-13 23:13:11,246 - TEST TODO APPLICATION - INFO - Delete task: "test_task_add"
2021-01-13 23:13:11,277 - TEST TODO APPLICATION - INFO - Add a new task to the page
2021-01-13 23:13:11,277 - TEST TODO APPLICATION - DEBUG - Adds task: test_task_add
2021-01-13 23:13:11,316 - TEST TODO APPLICATION - DEBUG - Check added task test_task_add is visible to the user
2021-01-13 23:13:11,316 - TEST TODO APPLICATION - INFO - Modify "test_task_add"
2021-01-13 23:13:11,349 - TEST TODO APPLICATION - INFO - Modify "test_task_add" task again
2021-01-13 23:13:11,386 - TEST TODO APPLICATION - INFO - Delete task: "test_task_add"
2021-01-13 23:13:11,420 - TEST TODO APPLICATION - INFO - Add a new task to the page
2021-01-13 23:13:11,421 - TEST TODO APPLICATION - DEBUG - Adds task: test_task_add
2021-01-13 23:13:11,474 - TEST TODO APPLICATION - DEBUG - Check added task test_task_add is visible to the user
2021-01-13 23:13:11,474 - TEST TODO APPLICATION - INFO - Modify "test_task_add"
2021-01-13 23:13:11,507 - TEST TODO APPLICATION - INFO - Modify "test_task_add" task again
2021-01-13 23:13:11,541 - TEST TODO APPLICATION - INFO - Delete task: "test_task_add"
2021-01-13 23:13:11,569 - TEST TODO APPLICATION - INFO - Add a new task to the page
2021-01-13 23:13:11,569 - TEST TODO APPLICATION - DEBUG - Adds task: test_task_add
2021-01-13 23:13:11,608 - TEST TODO APPLICATION - DEBUG - Check added task test_task_add is visible to the user
2021-01-13 23:13:11,609 - TEST TODO APPLICATION - INFO - Modify "test_task_add"
2021-01-13 23:13:11,641 - TEST TODO APPLICATION - INFO - Modify "test_task_add" task again
2021-01-13 23:13:11,672 - TEST TODO APPLICATION - INFO - Delete task: "test_task_add"
2021-01-13 23:13:11,699 - TEST TODO APPLICATION - INFO - Add a new task to the page
2021-01-13 23:13:11,699 - TEST TODO APPLICATION - DEBUG - Adds task: test_task_add
2021-01-13 23:13:11,739 - TEST TODO APPLICATION - DEBUG - Check added task test_task_add is visible to the user
2021-01-13 23:13:11,739 - TEST TODO APPLICATION - INFO - Modify "test_task_add"
2021-01-13 23:13:11,773 - TEST TODO APPLICATION - INFO - Modify "test_task_add" task again
2021-01-13 23:13:11,803 - TEST TODO APPLICATION - INFO - Delete task: "test_task_add"
2021-01-13 23:13:11,831 - TEST TODO APPLICATION - INFO - Add a new task to the page
2021-01-13 23:13:11,831 - TEST TODO APPLICATION - DEBUG - Adds task: test_task_add
2021-01-13 23:13:11,878 - TEST TODO APPLICATION - DEBUG - Check added task test_task_add is visible to the user
2021-01-13 23:13:11,878 - TEST TODO APPLICATION - INFO - Modify "test_task_add"
2021-01-13 23:13:11,916 - TEST TODO APPLICATION - INFO - Modify "test_task_add" task again
2021-01-13 23:13:11,947 - TEST TODO APPLICATION - INFO - Delete task: "test_task_add"
2021-01-13 23:13:11,980 - TEST TODO APPLICATION - INFO - Add a new task to the page
2021-01-13 23:13:11,980 - TEST TODO APPLICATION - DEBUG - Adds task: test_task_add
2021-01-13 23:13:12,025 - TEST TODO APPLICATION - DEBUG - Check added task test_task_add is visible to the user
2021-01-13 23:13:12,025 - TEST TODO APPLICATION - INFO - Modify "test_task_add"
2021-01-13 23:13:12,059 - TEST TODO APPLICATION - INFO - Modify "test_task_add" task again
2021-01-13 23:13:12,094 - TEST TODO APPLICATION - INFO - Delete task: "test_task_add"
2021-01-13 23:13:12,128 - TEST TODO APPLICATION - INFO - Add a new task to the page
2021-01-13 23:13:12,128 - TEST TODO APPLICATION - DEBUG - Adds task: test_task_add
2021-01-13 23:13:12,173 - TEST TODO APPLICATION - DEBUG - Check added task test_task_add is visible to the user
2021-01-13 23:13:12,174 - TEST TODO APPLICATION - INFO - Modify "test_task_add"
2021-01-13 23:13:12,208 - TEST TODO APPLICATION - INFO - Modify "test_task_add" task again
2021-01-13 23:13:12,241 - TEST TODO APPLICATION - INFO - Delete task: "test_task_add"
2021-01-13 23:13:12,275 - TEST TODO APPLICATION - INFO - Add a new task to the page
2021-01-13 23:13:12,275 - TEST TODO APPLICATION - DEBUG - Adds task: test_task_add
2021-01-13 23:13:12,319 - TEST TODO APPLICATION - DEBUG - Check added task test_task_add is visible to the user
2021-01-13 23:13:12,319 - TEST TODO APPLICATION - INFO - Modify "test_task_add"
2021-01-13 23:13:12,353 - TEST TODO APPLICATION - INFO - Modify "test_task_add" task again
2021-01-13 23:13:12,386 - TEST TODO APPLICATION - INFO - Delete task: "test_task_add"
2021-01-13 23:13:12,419 - TEST TODO APPLICATION - INFO - Add a new task to the page
2021-01-13 23:13:12,419 - TEST TODO APPLICATION - DEBUG - Adds task: test_task_add
2021-01-13 23:13:12,459 - TEST TODO APPLICATION - DEBUG - Check added task test_task_add is visible to the user
2021-01-13 23:13:12,459 - TEST TODO APPLICATION - INFO - Modify "test_task_add"
2021-01-13 23:13:12,494 - TEST TODO APPLICATION - INFO - Modify "test_task_add" task again
2021-01-13 23:13:12,527 - TEST TODO APPLICATION - INFO - Delete task: "test_task_add"
2021-01-13 23:13:12,562 - TEST TODO APPLICATION - INFO - Add a new task to the page
2021-01-13 23:13:12,562 - TEST TODO APPLICATION - DEBUG - Adds task: test_task_add
2021-01-13 23:13:12,607 - TEST TODO APPLICATION - DEBUG - Check added task test_task_add is visible to the user
2021-01-13 23:13:12,607 - TEST TODO APPLICATION - INFO - Modify "test_task_add"
2021-01-13 23:13:12,640 - TEST TODO APPLICATION - INFO - Modify "test_task_add" task again
2021-01-13 23:13:12,672 - TEST TODO APPLICATION - INFO - Delete task: "test_task_add"
2021-01-13 23:13:12,703 - TEST TODO APPLICATION - INFO - Add a new task to the page
2021-01-13 23:13:12,703 - TEST TODO APPLICATION - DEBUG - Adds task: test_task_add
2021-01-13 23:13:12,742 - TEST TODO APPLICATION - DEBUG - Check added task test_task_add is visible to the user
2021-01-13 23:13:12,742 - TEST TODO APPLICATION - INFO - Modify "test_task_add"
2021-01-13 23:13:12,778 - TEST TODO APPLICATION - INFO - Modify "test_task_add" task again
2021-01-13 23:13:12,808 - TEST TODO APPLICATION - INFO - Delete task: "test_task_add"
2021-01-13 23:13:12,835 - TEST TODO APPLICATION - INFO - Add a new task to the page
2021-01-13 23:13:12,835 - TEST TODO APPLICATION - DEBUG - Adds task: test_task_add
2021-01-13 23:13:12,874 - TEST TODO APPLICATION - DEBUG - Check added task test_task_add is visible to the user
2021-01-13 23:13:12,874 - TEST TODO APPLICATION - INFO - Modify "test_task_add"
2021-01-13 23:13:12,908 - TEST TODO APPLICATION - INFO - Modify "test_task_add" task again
2021-01-13 23:13:12,942 - TEST TODO APPLICATION - INFO - Delete task: "test_task_add"
2021-01-13 23:13:12,975 - TEST TODO APPLICATION - INFO - Add a new task to the page
2021-01-13 23:13:12,975 - TEST TODO APPLICATION - DEBUG - Adds task: test_task_add
2021-01-13 23:13:13,022 - TEST TODO APPLICATION - DEBUG - Check added task test_task_add is visible to the user
2021-01-13 23:13:13,022 - TEST TODO APPLICATION - INFO - Modify "test_task_add"
2021-01-13 23:13:13,055 - TEST TODO APPLICATION - INFO - Modify "test_task_add" task again
2021-01-13 23:13:13,088 - TEST TODO APPLICATION - INFO - Delete task: "test_task_add"
2021-01-13 23:13:13,120 - TEST TODO APPLICATION - INFO - Add a new task to the page
2021-01-13 23:13:13,120 - TEST TODO APPLICATION - DEBUG - Adds task: test_task_add
2021-01-13 23:13:13,165 - TEST TODO APPLICATION - DEBUG - Check added task test_task_add is visible to the user
2021-01-13 23:13:13,165 - TEST TODO APPLICATION - INFO - Modify "test_task_add"
2021-01-13 23:13:13,199 - TEST TODO APPLICATION - INFO - Modify "test_task_add" task again
2021-01-13 23:13:13,233 - TEST TODO APPLICATION - INFO - Delete task: "test_task_add"
2021-01-13 23:13:13,266 - TEST TODO APPLICATION - INFO - Add a new task to the page
2021-01-13 23:13:13,267 - TEST TODO APPLICATION - DEBUG - Adds task: test_task_add
2021-01-13 23:13:13,308 - TEST TODO APPLICATION - DEBUG - Check added task test_task_add is visible to the user
2021-01-13 23:13:13,308 - TEST TODO APPLICATION - INFO - Modify "test_task_add"
2021-01-13 23:13:13,341 - TEST TODO APPLICATION - INFO - Modify "test_task_add" task again
2021-01-13 23:13:13,381 - TEST TODO APPLICATION - INFO - Delete task: "test_task_add"
2021-01-13 23:13:13,415 - TEST TODO APPLICATION - INFO - Add a new task to the page
2021-01-13 23:13:13,415 - TEST TODO APPLICATION - DEBUG - Adds task: test_task_add
2021-01-13 23:13:13,459 - TEST TODO APPLICATION - DEBUG - Check added task test_task_add is visible to the user
2021-01-13 23:13:13,459 - TEST TODO APPLICATION - INFO - Modify "test_task_add"
2021-01-13 23:13:13,494 - TEST TODO APPLICATION - INFO - Modify "test_task_add" task again
2021-01-13 23:13:13,526 - TEST TODO APPLICATION - INFO - Delete task: "test_task_add"
2021-01-13 23:13:13,560 - TEST TODO APPLICATION - INFO - Add a new task to the page
2021-01-13 23:13:13,560 - TEST TODO APPLICATION - DEBUG - Adds task: test_task_add
2021-01-13 23:13:13,603 - TEST TODO APPLICATION - DEBUG - Check added task test_task_add is visible to the user
2021-01-13 23:13:13,603 - TEST TODO APPLICATION - INFO - Modify "test_task_add"
2021-01-13 23:13:13,636 - TEST TODO APPLICATION - INFO - Modify "test_task_add" task again
2021-01-13 23:13:13,669 - TEST TODO APPLICATION - INFO - Delete task: "test_task_add"
2021-01-13 23:13:13,706 - TEST TODO APPLICATION - INFO - Add a new task to the page
2021-01-13 23:13:13,707 - TEST TODO APPLICATION - DEBUG - Adds task: test_task_add
2021-01-13 23:13:13,747 - TEST TODO APPLICATION - DEBUG - Check added task test_task_add is visible to the user
2021-01-13 23:13:13,748 - TEST TODO APPLICATION - INFO - Modify "test_task_add"
2021-01-13 23:13:13,781 - TEST TODO APPLICATION - INFO - Modify "test_task_add" task again
2021-01-13 23:13:13,808 - TEST TODO APPLICATION - INFO - Delete task: "test_task_add"
2021-01-13 23:13:13,835 - TEST TODO APPLICATION - INFO - Add a new task to the page
2021-01-13 23:13:13,835 - TEST TODO APPLICATION - DEBUG - Adds task: test_task_add
2021-01-13 23:13:13,876 - TEST TODO APPLICATION - DEBUG - Check added task test_task_add is visible to the user
2021-01-13 23:13:13,876 - TEST TODO APPLICATION - INFO - Modify "test_task_add"
2021-01-13 23:13:13,912 - TEST TODO APPLICATION - INFO - Modify "test_task_add" task again
2021-01-13 23:13:13,946 - TEST TODO APPLICATION - INFO - Delete task: "test_task_add"
2021-01-13 23:13:13,980 - TEST TODO APPLICATION - INFO - Add a new task to the page
2021-01-13 23:13:13,980 - TEST TODO APPLICATION - DEBUG - Adds task: test_task_add
2021-01-13 23:13:14,023 - TEST TODO APPLICATION - DEBUG - Check added task test_task_add is visible to the user
2021-01-13 23:13:14,024 - TEST TODO APPLICATION - INFO - Modify "test_task_add"
2021-01-13 23:13:14,057 - TEST TODO APPLICATION - INFO - Modify "test_task_add" task again
2021-01-13 23:13:14,090 - TEST TODO APPLICATION - INFO - Delete task: "test_task_add"
2021-01-13 23:13:14,127 - TEST TODO APPLICATION - INFO - Add a new task to the page
2021-01-13 23:13:14,127 - TEST TODO APPLICATION - DEBUG - Adds task: test_task_add
2021-01-13 23:13:14,172 - TEST TODO APPLICATION - DEBUG - Check added task test_task_add is visible to the user
2021-01-13 23:13:14,172 - TEST TODO APPLICATION - INFO - Modify "test_task_add"
2021-01-13 23:13:14,208 - TEST TODO APPLICATION - INFO - Modify "test_task_add" task again
2021-01-13 23:13:14,241 - TEST TODO APPLICATION - INFO - Delete task: "test_task_add"
2021-01-13 23:13:14,274 - TEST TODO APPLICATION - INFO - Add a new task to the page
2021-01-13 23:13:14,274 - TEST TODO APPLICATION - DEBUG - Adds task: test_task_add
2021-01-13 23:13:14,316 - TEST TODO APPLICATION - DEBUG - Check added task test_task_add is visible to the user
2021-01-13 23:13:14,316 - TEST TODO APPLICATION - INFO - Modify "test_task_add"
2021-01-13 23:13:14,349 - TEST TODO APPLICATION - INFO - Modify "test_task_add" task again
2021-01-13 23:13:14,383 - TEST TODO APPLICATION - INFO - Delete task: "test_task_add"
2021-01-13 23:13:14,417 - TEST TODO APPLICATION - INFO - Add a new task to the page
2021-01-13 23:13:14,417 - TEST TODO APPLICATION - DEBUG - Adds task: test_task_add
2021-01-13 23:13:14,460 - TEST TODO APPLICATION - DEBUG - Check added task test_task_add is visible to the user
2021-01-13 23:13:14,460 - TEST TODO APPLICATION - INFO - Modify "test_task_add"
2021-01-13 23:13:14,497 - TEST TODO APPLICATION - INFO - Modify "test_task_add" task again
2021-01-13 23:13:14,532 - TEST TODO APPLICATION - INFO - Delete task: "test_task_add"
2021-01-13 23:13:14,567 - TEST TODO APPLICATION - INFO - Add a new task to the page
2021-01-13 23:13:14,567 - TEST TODO APPLICATION - DEBUG - Adds task: test_task_add
2021-01-13 23:13:14,614 - TEST TODO APPLICATION - DEBUG - Check added task test_task_add is visible to the user
2021-01-13 23:13:14,614 - TEST TODO APPLICATION - INFO - Modify "test_task_add"
2021-01-13 23:13:14,649 - TEST TODO APPLICATION - INFO - Modify "test_task_add" task again
2021-01-13 23:13:14,684 - TEST TODO APPLICATION - INFO - Delete task: "test_task_add"
2021-01-13 23:13:14,716 - TEST TODO APPLICATION - INFO - Add a new task to the page
2021-01-13 23:13:14,716 - TEST TODO APPLICATION - DEBUG - Adds task: test_task_add
2021-01-13 23:13:14,759 - TEST TODO APPLICATION - DEBUG - Check added task test_task_add is visible to the user
2021-01-13 23:13:14,759 - TEST TODO APPLICATION - INFO - Modify "test_task_add"
2021-01-13 23:13:14,794 - TEST TODO APPLICATION - INFO - Modify "test_task_add" task again
2021-01-13 23:13:14,827 - TEST TODO APPLICATION - INFO - Delete task: "test_task_add"
2021-01-13 23:13:14,860 - TEST TODO APPLICATION - INFO - Add a new task to the page
2021-01-13 23:13:14,860 - TEST TODO APPLICATION - DEBUG - Adds task: test_task_add
2021-01-13 23:13:14,905 - TEST TODO APPLICATION - DEBUG - Check added task test_task_add is visible to the user
2021-01-13 23:13:14,905 - TEST TODO APPLICATION - INFO - Modify "test_task_add"
2021-01-13 23:13:14,939 - TEST TODO APPLICATION - INFO - Modify "test_task_add" task again
2021-01-13 23:13:14,973 - TEST TODO APPLICATION - INFO - Delete task: "test_task_add"
2021-01-13 23:13:15,007 - TEST TODO APPLICATION - INFO - Add a new task to the page
2021-01-13 23:13:15,007 - TEST TODO APPLICATION - DEBUG - Adds task: test_task_add
2021-01-13 23:13:15,049 - TEST TODO APPLICATION - DEBUG - Check added task test_task_add is visible to the user
2021-01-13 23:13:15,049 - TEST TODO APPLICATION - INFO - Modify "test_task_add"
2021-01-13 23:13:15,082 - TEST TODO APPLICATION - INFO - Modify "test_task_add" task again
2021-01-13 23:13:15,116 - TEST TODO APPLICATION - INFO - Delete task: "test_task_add"
2021-01-13 23:13:15,148 - TEST TODO APPLICATION - INFO - Add a new task to the page
2021-01-13 23:13:15,149 - TEST TODO APPLICATION - DEBUG - Adds task: test_task_add
2021-01-13 23:13:15,189 - TEST TODO APPLICATION - DEBUG - Check added task test_task_add is visible to the user
2021-01-13 23:13:15,189 - TEST TODO APPLICATION - INFO - Modify "test_task_add"
2021-01-13 23:13:15,223 - TEST TODO APPLICATION - INFO - Modify "test_task_add" task again
2021-01-13 23:13:15,262 - TEST TODO APPLICATION - INFO - Delete task: "test_task_add"
2021-01-13 23:13:15,298 - TEST TODO APPLICATION - INFO - Add a new task to the page
2021-01-13 23:13:15,298 - TEST TODO APPLICATION - DEBUG - Adds task: test_task_add
2021-01-13 23:13:15,338 - TEST TODO APPLICATION - DEBUG - Check added task test_task_add is visible to the user
2021-01-13 23:13:15,338 - TEST TODO APPLICATION - INFO - Modify "test_task_add"
2021-01-13 23:13:15,374 - TEST TODO APPLICATION - INFO - Modify "test_task_add" task again
2021-01-13 23:13:15,409 - TEST TODO APPLICATION - INFO - Delete task: "test_task_add"
2021-01-13 23:13:15,447 - TEST TODO APPLICATION - INFO - Add a new task to the page
2021-01-13 23:13:15,450 - TEST TODO APPLICATION - DEBUG - Adds task: test_task_add
2021-01-13 23:13:15,492 - TEST TODO APPLICATION - DEBUG - Check added task test_task_add is visible to the user
2021-01-13 23:13:15,492 - TEST TODO APPLICATION - INFO - Modify "test_task_add"
2021-01-13 23:13:15,526 - TEST TODO APPLICATION - INFO - Modify "test_task_add" task again
2021-01-13 23:13:15,556 - TEST TODO APPLICATION - INFO - Delete task: "test_task_add"
2021-01-13 23:13:15,584 - TEST TODO APPLICATION - INFO - Add a new task to the page
2021-01-13 23:13:15,584 - TEST TODO APPLICATION - DEBUG - Adds task: test_task_add
2021-01-13 23:13:15,623 - TEST TODO APPLICATION - DEBUG - Check added task test_task_add is visible to the user
2021-01-13 23:13:15,624 - TEST TODO APPLICATION - INFO - Modify "test_task_add"
2021-01-13 23:13:15,660 - TEST TODO APPLICATION - INFO - Modify "test_task_add" task again
2021-01-13 23:13:15,691 - TEST TODO APPLICATION - INFO - Delete task: "test_task_add"
2021-01-13 23:13:15,724 - TEST TODO APPLICATION - INFO - Add a new task to the page
2021-01-13 23:13:15,724 - TEST TODO APPLICATION - DEBUG - Adds task: test_task_add
2021-01-13 23:13:15,767 - TEST TODO APPLICATION - DEBUG - Check added task test_task_add is visible to the user
2021-01-13 23:13:15,767 - TEST TODO APPLICATION - INFO - Modify "test_task_add"
2021-01-13 23:13:15,802 - TEST TODO APPLICATION - INFO - Modify "test_task_add" task again
2021-01-13 23:13:15,831 - TEST TODO APPLICATION - INFO - Delete task: "test_task_add"
2021-01-13 23:13:15,859 - TEST TODO APPLICATION - INFO - Add a new task to the page
2021-01-13 23:13:15,859 - TEST TODO APPLICATION - DEBUG - Adds task: test_task_add
2021-01-13 23:13:15,898 - TEST TODO APPLICATION - DEBUG - Check added task test_task_add is visible to the user
2021-01-13 23:13:15,898 - TEST TODO APPLICATION - INFO - Modify "test_task_add"
2021-01-13 23:13:15,933 - TEST TODO APPLICATION - INFO - Modify "test_task_add" task again
2021-01-13 23:13:15,961 - TEST TODO APPLICATION - INFO - Delete task: "test_task_add"
2021-01-13 23:13:15,988 - TEST TODO APPLICATION - INFO - Add a new task to the page
2021-01-13 23:13:15,988 - TEST TODO APPLICATION - DEBUG - Adds task: test_task_add
2021-01-13 23:13:16,030 - TEST TODO APPLICATION - DEBUG - Check added task test_task_add is visible to the user
2021-01-13 23:13:16,030 - TEST TODO APPLICATION - INFO - Modify "test_task_add"
2021-01-13 23:13:16,064 - TEST TODO APPLICATION - INFO - Modify "test_task_add" task again
2021-01-13 23:13:16,095 - TEST TODO APPLICATION - INFO - Delete task: "test_task_add"
2021-01-13 23:13:16,125 - TEST TODO APPLICATION - INFO - Add a new task to the page
2021-01-13 23:13:16,126 - TEST TODO APPLICATION - DEBUG - Adds task: test_task_add
2021-01-13 23:13:16,165 - TEST TODO APPLICATION - DEBUG - Check added task test_task_add is visible to the user
2021-01-13 23:13:16,166 - TEST TODO APPLICATION - INFO - Modify "test_task_add"
2021-01-13 23:13:16,202 - TEST TODO APPLICATION - INFO - Modify "test_task_add" task again
2021-01-13 23:13:16,237 - TEST TODO APPLICATION - INFO - Delete task: "test_task_add"
2021-01-13 23:13:16,268 - TEST TODO APPLICATION - INFO - Add a new task to the page
2021-01-13 23:13:16,268 - TEST TODO APPLICATION - DEBUG - Adds task: test_task_add
2021-01-13 23:13:16,311 - TEST TODO APPLICATION - DEBUG - Check added task test_task_add is visible to the user
2021-01-13 23:13:16,311 - TEST TODO APPLICATION - INFO - Modify "test_task_add"
2021-01-13 23:13:16,346 - TEST TODO APPLICATION - INFO - Modify "test_task_add" task again
2021-01-13 23:13:16,377 - TEST TODO APPLICATION - INFO - Delete task: "test_task_add"
2021-01-13 23:13:16,404 - TEST TODO APPLICATION - INFO - Add a new task to the page
2021-01-13 23:13:16,404 - TEST TODO APPLICATION - DEBUG - Adds task: test_task_add
2021-01-13 23:13:16,442 - TEST TODO APPLICATION - DEBUG - Check added task test_task_add is visible to the user
2021-01-13 23:13:16,442 - TEST TODO APPLICATION - INFO - Modify "test_task_add"
2021-01-13 23:13:16,479 - TEST TODO APPLICATION - INFO - Modify "test_task_add" task again
2021-01-13 23:13:16,512 - TEST TODO APPLICATION - INFO - Delete task: "test_task_add"
2021-01-13 23:13:16,545 - TEST TODO APPLICATION - INFO - Add a new task to the page
2021-01-13 23:13:16,545 - TEST TODO APPLICATION - DEBUG - Adds task: test_task_add
2021-01-13 23:13:16,587 - TEST TODO APPLICATION - DEBUG - Check added task test_task_add is visible to the user
2021-01-13 23:13:16,588 - TEST TODO APPLICATION - INFO - Modify "test_task_add"
2021-01-13 23:13:16,623 - TEST TODO APPLICATION - INFO - Modify "test_task_add" task again
2021-01-13 23:13:16,656 - TEST TODO APPLICATION - INFO - Delete task: "test_task_add"
2021-01-13 23:13:16,693 - TEST TODO APPLICATION - INFO - Add a new task to the page
2021-01-13 23:13:16,693 - TEST TODO APPLICATION - DEBUG - Adds task: test_task_add
2021-01-13 23:13:16,738 - TEST TODO APPLICATION - DEBUG - Check added task test_task_add is visible to the user
2021-01-13 23:13:16,738 - TEST TODO APPLICATION - INFO - Modify "test_task_add"
2021-01-13 23:13:16,772 - TEST TODO APPLICATION - INFO - Modify "test_task_add" task again
2021-01-13 23:13:16,804 - TEST TODO APPLICATION - INFO - Delete task: "test_task_add"
2021-01-13 23:13:16,838 - TEST TODO APPLICATION - INFO - Add a new task to the page
2021-01-13 23:13:16,838 - TEST TODO APPLICATION - DEBUG - Adds task: test_task_add
2021-01-13 23:13:16,881 - TEST TODO APPLICATION - DEBUG - Check added task test_task_add is visible to the user
2021-01-13 23:13:16,881 - TEST TODO APPLICATION - INFO - Modify "test_task_add"
2021-01-13 23:13:16,915 - TEST TODO APPLICATION - INFO - Modify "test_task_add" task again
2021-01-13 23:13:16,948 - TEST TODO APPLICATION - INFO - Delete task: "test_task_add"
2021-01-13 23:13:16,982 - TEST TODO APPLICATION - INFO - Add a new task to the page
2021-01-13 23:13:16,982 - TEST TODO APPLICATION - DEBUG - Adds task: test_task_add
2021-01-13 23:13:17,023 - TEST TODO APPLICATION - DEBUG - Check added task test_task_add is visible to the user
2021-01-13 23:13:17,023 - TEST TODO APPLICATION - INFO - Modify "test_task_add"
2021-01-13 23:13:17,058 - TEST TODO APPLICATION - INFO - Modify "test_task_add" task again
2021-01-13 23:13:17,091 - TEST TODO APPLICATION - INFO - Delete task: "test_task_add"
2021-01-13 23:13:17,124 - TEST TODO APPLICATION - INFO - Add a new task to the page
2021-01-13 23:13:17,124 - TEST TODO APPLICATION - DEBUG - Adds task: test_task_add
2021-01-13 23:13:17,165 - TEST TODO APPLICATION - DEBUG - Check added task test_task_add is visible to the user
2021-01-13 23:13:17,165 - TEST TODO APPLICATION - INFO - Modify "test_task_add"
2021-01-13 23:13:17,202 - TEST TODO APPLICATION - INFO - Modify "test_task_add" task again
2021-01-13 23:13:17,237 - TEST TODO APPLICATION - INFO - Delete task: "test_task_add"
2021-01-13 23:13:17,271 - TEST TODO APPLICATION - INFO - Add a new task to the page
2021-01-13 23:13:17,272 - TEST TODO APPLICATION - DEBUG - Adds task: test_task_add
2021-01-13 23:13:17,315 - TEST TODO APPLICATION - DEBUG - Check added task test_task_add is visible to the user
2021-01-13 23:13:17,315 - TEST TODO APPLICATION - INFO - Modify "test_task_add"
2021-01-13 23:13:17,350 - TEST TODO APPLICATION - INFO - Modify "test_task_add" task again
2021-01-13 23:13:17,380 - TEST TODO APPLICATION - INFO - Delete task: "test_task_add"
2021-01-13 23:13:17,410 - TEST TODO APPLICATION - INFO - Add a new task to the page
2021-01-13 23:13:17,411 - TEST TODO APPLICATION - DEBUG - Adds task: test_task_add
2021-01-13 23:13:17,452 - TEST TODO APPLICATION - DEBUG - Check added task test_task_add is visible to the user
2021-01-13 23:13:17,452 - TEST TODO APPLICATION - INFO - Modify "test_task_add"
2021-01-13 23:13:17,486 - TEST TODO APPLICATION - INFO - Modify "test_task_add" task again
2021-01-13 23:13:17,516 - TEST TODO APPLICATION - INFO - Delete task: "test_task_add"
2021-01-13 23:13:17,546 - TEST TODO APPLICATION - INFO - Add a new task to the page
2021-01-13 23:13:17,546 - TEST TODO APPLICATION - DEBUG - Adds task: test_task_add
2021-01-13 23:13:17,584 - TEST TODO APPLICATION - DEBUG - Check added task test_task_add is visible to the user
2021-01-13 23:13:17,584 - TEST TODO APPLICATION - INFO - Modify "test_task_add"
2021-01-13 23:13:17,618 - TEST TODO APPLICATION - INFO - Modify "test_task_add" task again
2021-01-13 23:13:17,653 - TEST TODO APPLICATION - INFO - Delete task: "test_task_add"
2021-01-13 23:13:17,686 - TEST TODO APPLICATION - INFO - Add a new task to the page
2021-01-13 23:13:17,686 - TEST TODO APPLICATION - DEBUG - Adds task: test_task_add
2021-01-13 23:13:17,726 - TEST TODO APPLICATION - DEBUG - Check added task test_task_add is visible to the user
2021-01-13 23:13:17,726 - TEST TODO APPLICATION - INFO - Modify "test_task_add"
2021-01-13 23:13:17,760 - TEST TODO APPLICATION - INFO - Modify "test_task_add" task again
2021-01-13 23:13:17,789 - TEST TODO APPLICATION - INFO - Delete task: "test_task_add"
2021-01-13 23:13:17,815 - TEST TODO APPLICATION - INFO - Add a new task to the page
2021-01-13 23:13:17,815 - TEST TODO APPLICATION - DEBUG - Adds task: test_task_add
2021-01-13 23:13:17,853 - TEST TODO APPLICATION - DEBUG - Check added task test_task_add is visible to the user
2021-01-13 23:13:17,853 - TEST TODO APPLICATION - INFO - Modify "test_task_add"
2021-01-13 23:13:17,888 - TEST TODO APPLICATION - INFO - Modify "test_task_add" task again
2021-01-13 23:13:17,921 - TEST TODO APPLICATION - INFO - Delete task: "test_task_add"
2021-01-13 23:13:17,953 - TEST TODO APPLICATION - INFO - Add a new task to the page
2021-01-13 23:13:17,954 - TEST TODO APPLICATION - DEBUG - Adds task: test_task_add
2021-01-13 23:13:17,992 - TEST TODO APPLICATION - DEBUG - Check added task test_task_add is visible to the user
2021-01-13 23:13:17,992 - TEST TODO APPLICATION - INFO - Modify "test_task_add"
2021-01-13 23:13:18,026 - TEST TODO APPLICATION - INFO - Modify "test_task_add" task again
2021-01-13 23:13:18,055 - TEST TODO APPLICATION - INFO - Delete task: "test_task_add"
2021-01-13 23:13:18,083 - TEST TODO APPLICATION - INFO - Add a new task to the page
2021-01-13 23:13:18,083 - TEST TODO APPLICATION - DEBUG - Adds task: test_task_add
2021-01-13 23:13:18,121 - TEST TODO APPLICATION - DEBUG - Check added task test_task_add is visible to the user
2021-01-13 23:13:18,121 - TEST TODO APPLICATION - INFO - Modify "test_task_add"
2021-01-13 23:13:18,157 - TEST TODO APPLICATION - INFO - Modify "test_task_add" task again
2021-01-13 23:13:18,188 - TEST TODO APPLICATION - INFO - Delete task: "test_task_add"
2021-01-13 23:13:18,222 - TEST TODO APPLICATION - INFO - Add a new task to the page
2021-01-13 23:13:18,222 - TEST TODO APPLICATION - DEBUG - Adds task: test_task_add
2021-01-13 23:13:18,261 - TEST TODO APPLICATION - DEBUG - Check added task test_task_add is visible to the user
2021-01-13 23:13:18,261 - TEST TODO APPLICATION - INFO - Modify "test_task_add"
2021-01-13 23:13:18,295 - TEST TODO APPLICATION - INFO - Modify "test_task_add" task again
2021-01-13 23:13:18,328 - TEST TODO APPLICATION - INFO - Delete task: "test_task_add"
2021-01-13 23:13:18,362 - TEST TODO APPLICATION - INFO - Add a new task to the page
2021-01-13 23:13:18,363 - TEST TODO APPLICATION - DEBUG - Adds task: test_task_add
2021-01-13 23:13:18,407 - TEST TODO APPLICATION - DEBUG - Check added task test_task_add is visible to the user
2021-01-13 23:13:18,407 - TEST TODO APPLICATION - INFO - Modify "test_task_add"
2021-01-13 23:13:18,441 - TEST TODO APPLICATION - INFO - Modify "test_task_add" task again
2021-01-13 23:13:18,474 - TEST TODO APPLICATION - INFO - Delete task: "test_task_add"
2021-01-13 23:13:18,507 - TEST TODO APPLICATION - INFO - Add a new task to the page
2021-01-13 23:13:18,507 - TEST TODO APPLICATION - DEBUG - Adds task: test_task_add
2021-01-13 23:13:18,551 - TEST TODO APPLICATION - DEBUG - Check added task test_task_add is visible to the user
2021-01-13 23:13:18,551 - TEST TODO APPLICATION - INFO - Modify "test_task_add"
2021-01-13 23:13:18,587 - TEST TODO APPLICATION - INFO - Modify "test_task_add" task again
2021-01-13 23:13:18,623 - TEST TODO APPLICATION - INFO - Delete task: "test_task_add"
2021-01-13 23:13:18,656 - TEST TODO APPLICATION - INFO - Add a new task to the page
2021-01-13 23:13:18,656 - TEST TODO APPLICATION - DEBUG - Adds task: test_task_add
2021-01-13 23:13:18,696 - TEST TODO APPLICATION - DEBUG - Check added task test_task_add is visible to the user
2021-01-13 23:13:18,696 - TEST TODO APPLICATION - INFO - Modify "test_task_add"
2021-01-13 23:13:18,730 - TEST TODO APPLICATION - INFO - Modify "test_task_add" task again
2021-01-13 23:13:18,763 - TEST TODO APPLICATION - INFO - Delete task: "test_task_add"
2021-01-13 23:13:18,796 - TEST TODO APPLICATION - INFO - Add a new task to the page
2021-01-13 23:13:18,796 - TEST TODO APPLICATION - DEBUG - Adds task: test_task_add
2021-01-13 23:13:18,837 - TEST TODO APPLICATION - DEBUG - Check added task test_task_add is visible to the user
2021-01-13 23:13:18,837 - TEST TODO APPLICATION - INFO - Modify "test_task_add"
2021-01-13 23:13:18,874 - TEST TODO APPLICATION - INFO - Modify "test_task_add" task again
2021-01-13 23:13:18,914 - TEST TODO APPLICATION - INFO - Delete task: "test_task_add"
2021-01-13 23:13:18,947 - TEST TODO APPLICATION - INFO - Add a new task to the page
2021-01-13 23:13:18,947 - TEST TODO APPLICATION - DEBUG - Adds task: test_task_add
2021-01-13 23:13:18,989 - TEST TODO APPLICATION - DEBUG - Check added task test_task_add is visible to the user
2021-01-13 23:13:18,989 - TEST TODO APPLICATION - INFO - Modify "test_task_add"
2021-01-13 23:13:19,022 - TEST TODO APPLICATION - INFO - Modify "test_task_add" task again
2021-01-13 23:13:19,054 - TEST TODO APPLICATION - INFO - Delete task: "test_task_add"
2021-01-13 23:13:19,083 - TEST TODO APPLICATION - INFO - Add a new task to the page
2021-01-13 23:13:19,083 - TEST TODO APPLICATION - DEBUG - Adds task: test_task_add
2021-01-13 23:13:19,123 - TEST TODO APPLICATION - DEBUG - Check added task test_task_add is visible to the user
2021-01-13 23:13:19,124 - TEST TODO APPLICATION - INFO - Modify "test_task_add"
2021-01-13 23:13:19,158 - TEST TODO APPLICATION - INFO - Modify "test_task_add" task again
2021-01-13 23:13:19,185 - TEST TODO APPLICATION - INFO - Delete task: "test_task_add"
2021-01-13 23:13:19,211 - TEST TODO APPLICATION - INFO - Add a new task to the page
2021-01-13 23:13:19,211 - TEST TODO APPLICATION - DEBUG - Adds task: test_task_add
2021-01-13 23:13:19,248 - TEST TODO APPLICATION - DEBUG - Check added task test_task_add is visible to the user
2021-01-13 23:13:19,248 - TEST TODO APPLICATION - INFO - Modify "test_task_add"
2021-01-13 23:13:19,280 - TEST TODO APPLICATION - INFO - Modify "test_task_add" task again
2021-01-13 23:13:19,313 - TEST TODO APPLICATION - INFO - Delete task: "test_task_add"
2021-01-13 23:13:19,346 - TEST TODO APPLICATION - INFO - Add a new task to the page
2021-01-13 23:13:19,346 - TEST TODO APPLICATION - DEBUG - Adds task: test_task_add
2021-01-13 23:13:19,384 - TEST TODO APPLICATION - DEBUG - Check added task test_task_add is visible to the user
2021-01-13 23:13:19,385 - TEST TODO APPLICATION - INFO - Modify "test_task_add"
2021-01-13 23:13:19,419 - TEST TODO APPLICATION - INFO - Modify "test_task_add" task again
2021-01-13 23:13:19,451 - TEST TODO APPLICATION - INFO - Delete task: "test_task_add"
2021-01-13 23:13:19,483 - TEST TODO APPLICATION - INFO - Add a new task to the page
2021-01-13 23:13:19,483 - TEST TODO APPLICATION - DEBUG - Adds task: test_task_add
2021-01-13 23:13:19,527 - TEST TODO APPLICATION - DEBUG - Check added task test_task_add is visible to the user
2021-01-13 23:13:19,527 - TEST TODO APPLICATION - INFO - Modify "test_task_add"
2021-01-13 23:13:19,561 - TEST TODO APPLICATION - INFO - Modify "test_task_add" task again
2021-01-13 23:13:19,594 - TEST TODO APPLICATION - INFO - Delete task: "test_task_add"
2021-01-13 23:13:19,630 - TEST TODO APPLICATION - INFO - Add a new task to the page
2021-01-13 23:13:19,630 - TEST TODO APPLICATION - DEBUG - Adds task: test_task_add
2021-01-13 23:13:19,674 - TEST TODO APPLICATION - DEBUG - Check added task test_task_add is visible to the user
2021-01-13 23:13:19,675 - TEST TODO APPLICATION - INFO - Modify "test_task_add"
2021-01-13 23:13:19,710 - TEST TODO APPLICATION - INFO - Modify "test_task_add" task again
2021-01-13 23:13:19,746 - TEST TODO APPLICATION - INFO - Delete task: "test_task_add"
2021-01-13 23:13:19,784 - TEST TODO APPLICATION - INFO - Add a new task to the page
2021-01-13 23:13:19,784 - TEST TODO APPLICATION - DEBUG - Adds task: test_task_add
2021-01-13 23:13:19,826 - TEST TODO APPLICATION - DEBUG - Check added task test_task_add is visible to the user
2021-01-13 23:13:19,826 - TEST TODO APPLICATION - INFO - Modify "test_task_add"
2021-01-13 23:13:19,860 - TEST TODO APPLICATION - INFO - Modify "test_task_add" task again
2021-01-13 23:13:19,894 - TEST TODO APPLICATION - INFO - Delete task: "test_task_add"
2021-01-13 23:13:19,929 - TEST TODO APPLICATION - INFO - Add a new task to the page
2021-01-13 23:13:19,929 - TEST TODO APPLICATION - DEBUG - Adds task: test_task_add
2021-01-13 23:13:19,970 - TEST TODO APPLICATION - DEBUG - Check added task test_task_add is visible to the user
2021-01-13 23:13:19,970 - TEST TODO APPLICATION - INFO - Modify "test_task_add"
2021-01-13 23:13:20,004 - TEST TODO APPLICATION - INFO - Modify "test_task_add" task again
2021-01-13 23:13:20,038 - TEST TODO APPLICATION - INFO - Delete task: "test_task_add"
2021-01-13 23:13:20,071 - TEST TODO APPLICATION - INFO - Add a new task to the page
2021-01-13 23:13:20,071 - TEST TODO APPLICATION - DEBUG - Adds task: test_task_add
2021-01-13 23:13:20,110 - TEST TODO APPLICATION - DEBUG - Check added task test_task_add is visible to the user
2021-01-13 23:13:20,110 - TEST TODO APPLICATION - INFO - Modify "test_task_add"
2021-01-13 23:13:20,147 - TEST TODO APPLICATION - INFO - Modify "test_task_add" task again
2021-01-13 23:13:20,178 - TEST TODO APPLICATION - INFO - Delete task: "test_task_add"
2021-01-13 23:13:20,205 - TEST TODO APPLICATION - INFO - Add a new task to the page
2021-01-13 23:13:20,205 - TEST TODO APPLICATION - DEBUG - Adds task: test_task_add
2021-01-13 23:13:20,245 - TEST TODO APPLICATION - DEBUG - Check added task test_task_add is visible to the user
2021-01-13 23:13:20,246 - TEST TODO APPLICATION - INFO - Modify "test_task_add"
2021-01-13 23:13:20,281 - TEST TODO APPLICATION - INFO - Modify "test_task_add" task again
2021-01-13 23:13:20,313 - TEST TODO APPLICATION - INFO - Delete task: "test_task_add"
2021-01-13 23:13:20,347 - TEST TODO APPLICATION - INFO - Add a new task to the page
2021-01-13 23:13:20,347 - TEST TODO APPLICATION - DEBUG - Adds task: test_task_add
2021-01-13 23:13:20,395 - TEST TODO APPLICATION - DEBUG - Check added task test_task_add is visible to the user
2021-01-13 23:13:20,395 - TEST TODO APPLICATION - INFO - Modify "test_task_add"
2021-01-13 23:13:20,429 - TEST TODO APPLICATION - INFO - Modify "test_task_add" task again
2021-01-13 23:13:20,463 - TEST TODO APPLICATION - INFO - Delete task: "test_task_add"
2021-01-13 23:13:20,491 - TEST TODO APPLICATION - INFO - Add a new task to the page
2021-01-13 23:13:20,491 - TEST TODO APPLICATION - DEBUG - Adds task: test_task_add
2021-01-13 23:13:20,532 - TEST TODO APPLICATION - DEBUG - Check added task test_task_add is visible to the user
2021-01-13 23:13:20,532 - TEST TODO APPLICATION - INFO - Modify "test_task_add"
2021-01-13 23:13:20,566 - TEST TODO APPLICATION - INFO - Modify "test_task_add" task again
2021-01-13 23:13:20,601 - TEST TODO APPLICATION - INFO - Delete task: "test_task_add"
2021-01-13 23:13:20,633 - TEST TODO APPLICATION - INFO - Add a new task to the page
2021-01-13 23:13:20,633 - TEST TODO APPLICATION - DEBUG - Adds task: test_task_add
2021-01-13 23:13:20,676 - TEST TODO APPLICATION - DEBUG - Check added task test_task_add is visible to the user
2021-01-13 23:13:20,676 - TEST TODO APPLICATION - INFO - Modify "test_task_add"
2021-01-13 23:13:20,710 - TEST TODO APPLICATION - INFO - Modify "test_task_add" task again
2021-01-13 23:13:20,744 - TEST TODO APPLICATION - INFO - Delete task: "test_task_add"
2021-01-13 23:13:20,777 - TEST TODO APPLICATION - INFO - Add a new task to the page
2021-01-13 23:13:20,777 - TEST TODO APPLICATION - DEBUG - Adds task: test_task_add
2021-01-13 23:13:20,820 - TEST TODO APPLICATION - DEBUG - Check added task test_task_add is visible to the user
2021-01-13 23:13:20,820 - TEST TODO APPLICATION - INFO - Modify "test_task_add"
2021-01-13 23:13:20,854 - TEST TODO APPLICATION - INFO - Modify "test_task_add" task again
2021-01-13 23:13:20,888 - TEST TODO APPLICATION - INFO - Delete task: "test_task_add"
2021-01-13 23:13:20,922 - TEST TODO APPLICATION - INFO - Add a new task to the page
2021-01-13 23:13:20,923 - TEST TODO APPLICATION - DEBUG - Adds task: test_task_add
2021-01-13 23:13:20,962 - TEST TODO APPLICATION - DEBUG - Check added task test_task_add is visible to the user
2021-01-13 23:13:20,963 - TEST TODO APPLICATION - INFO - Modify "test_task_add"
2021-01-13 23:13:20,998 - TEST TODO APPLICATION - INFO - Modify "test_task_add" task again
2021-01-13 23:13:21,031 - TEST TODO APPLICATION - INFO - Delete task: "test_task_add"
2021-01-13 23:13:21,066 - TEST TODO APPLICATION - INFO - Add a new task to the page
2021-01-13 23:13:21,066 - TEST TODO APPLICATION - DEBUG - Adds task: test_task_add
2021-01-13 23:13:21,107 - TEST TODO APPLICATION - DEBUG - Check added task test_task_add is visible to the user
2021-01-13 23:13:21,108 - TEST TODO APPLICATION - INFO - Modify "test_task_add"
2021-01-13 23:13:21,146 - TEST TODO APPLICATION - INFO - Modify "test_task_add" task again
2021-01-13 23:13:21,179 - TEST TODO APPLICATION - INFO - Delete task: "test_task_add"
2021-01-13 23:13:21,212 - TEST TODO APPLICATION - INFO - Add a new task to the page
2021-01-13 23:13:21,212 - TEST TODO APPLICATION - DEBUG - Adds task: test_task_add
2021-01-13 23:13:21,253 - TEST TODO APPLICATION - DEBUG - Check added task test_task_add is visible to the user
2021-01-13 23:13:21,253 - TEST TODO APPLICATION - INFO - Modify "test_task_add"
2021-01-13 23:13:21,286 - TEST TODO APPLICATION - INFO - Modify "test_task_add" task again
2021-01-13 23:13:21,316 - TEST TODO APPLICATION - INFO - Delete task: "test_task_add"
2021-01-13 23:13:21,346 - TEST TODO APPLICATION - INFO - Add a new task to the page
2021-01-13 23:13:21,346 - TEST TODO APPLICATION - DEBUG - Adds task: test_task_add
2021-01-13 23:13:21,388 - TEST TODO APPLICATION - DEBUG - Check added task test_task_add is visible to the user
2021-01-13 23:13:21,388 - TEST TODO APPLICATION - INFO - Modify "test_task_add"
2021-01-13 23:13:21,422 - TEST TODO APPLICATION - INFO - Modify "test_task_add" task again
2021-01-13 23:13:21,455 - TEST TODO APPLICATION - INFO - Delete task: "test_task_add"
2021-01-13 23:13:21,488 - TEST TODO APPLICATION - INFO - Add a new task to the page
2021-01-13 23:13:21,488 - TEST TODO APPLICATION - DEBUG - Adds task: test_task_add
2021-01-13 23:13:21,530 - TEST TODO APPLICATION - DEBUG - Check added task test_task_add is visible to the user
2021-01-13 23:13:21,530 - TEST TODO APPLICATION - INFO - Modify "test_task_add"
2021-01-13 23:13:21,565 - TEST TODO APPLICATION - INFO - Modify "test_task_add" task again
2021-01-13 23:13:21,599 - TEST TODO APPLICATION - INFO - Delete task: "test_task_add"
2021-01-13 23:13:21,633 - TEST TODO APPLICATION - INFO - Add a new task to the page
2021-01-13 23:13:21,634 - TEST TODO APPLICATION - DEBUG - Adds task: test_task_add
2021-01-13 23:13:21,679 - TEST TODO APPLICATION - DEBUG - Check added task test_task_add is visible to the user
2021-01-13 23:13:21,679 - TEST TODO APPLICATION - INFO - Modify "test_task_add"
2021-01-13 23:13:21,712 - TEST TODO APPLICATION - INFO - Modify "test_task_add" task again
2021-01-13 23:13:21,744 - TEST TODO APPLICATION - INFO - Delete task: "test_task_add"
2021-01-13 23:13:21,774 - TEST TODO APPLICATION - INFO - Add a new task to the page
2021-01-13 23:13:21,774 - TEST TODO APPLICATION - DEBUG - Adds task: test_task_add
2021-01-13 23:13:21,817 - TEST TODO APPLICATION - DEBUG - Check added task test_task_add is visible to the user
2021-01-13 23:13:21,817 - TEST TODO APPLICATION - INFO - Modify "test_task_add"
2021-01-13 23:13:21,851 - TEST TODO APPLICATION - INFO - Modify "test_task_add" task again
2021-01-13 23:13:21,886 - TEST TODO APPLICATION - INFO - Delete task: "test_task_add"
2021-01-13 23:13:21,919 - TEST TODO APPLICATION - INFO - Add a new task to the page
2021-01-13 23:13:21,919 - TEST TODO APPLICATION - DEBUG - Adds task: test_task_add
2021-01-13 23:13:21,962 - TEST TODO APPLICATION - DEBUG - Check added task test_task_add is visible to the user
2021-01-13 23:13:21,963 - TEST TODO APPLICATION - INFO - Modify "test_task_add"
2021-01-13 23:13:21,997 - TEST TODO APPLICATION - INFO - Modify "test_task_add" task again
2021-01-13 23:13:22,030 - TEST TODO APPLICATION - INFO - Delete task: "test_task_add"
2021-01-13 23:13:22,063 - TEST TODO APPLICATION - INFO - Add a new task to the page
2021-01-13 23:13:22,064 - TEST TODO APPLICATION - DEBUG - Adds task: test_task_add
2021-01-13 23:13:22,108 - TEST TODO APPLICATION - DEBUG - Check added task test_task_add is visible to the user
2021-01-13 23:13:22,108 - TEST TODO APPLICATION - INFO - Modify "test_task_add"
2021-01-13 23:13:22,143 - TEST TODO APPLICATION - INFO - Modify "test_task_add" task again
2021-01-13 23:13:22,177 - TEST TODO APPLICATION - INFO - Delete task: "test_task_add"
2021-01-13 23:13:22,212 - TEST TODO APPLICATION - INFO - Add a new task to the page
2021-01-13 23:13:22,212 - TEST TODO APPLICATION - DEBUG - Adds task: test_task_add
2021-01-13 23:13:22,253 - TEST TODO APPLICATION - DEBUG - Check added task test_task_add is visible to the user
2021-01-13 23:13:22,253 - TEST TODO APPLICATION - INFO - Modify "test_task_add"
2021-01-13 23:13:22,287 - TEST TODO APPLICATION - INFO - Modify "test_task_add" task again
2021-01-13 23:13:22,320 - TEST TODO APPLICATION - INFO - Delete task: "test_task_add"
2021-01-13 23:13:22,352 - TEST TODO APPLICATION - INFO - Add a new task to the page
2021-01-13 23:13:22,352 - TEST TODO APPLICATION - DEBUG - Adds task: test_task_add
2021-01-13 23:13:22,393 - TEST TODO APPLICATION - DEBUG - Check added task test_task_add is visible to the user
2021-01-13 23:13:22,393 - TEST TODO APPLICATION - INFO - Modify "test_task_add"
2021-01-13 23:13:22,428 - TEST TODO APPLICATION - INFO - Modify "test_task_add" task again
2021-01-13 23:13:22,461 - TEST TODO APPLICATION - INFO - Delete task: "test_task_add"
2021-01-13 23:13:22,494 - TEST TODO APPLICATION - INFO - Add a new task to the page
2021-01-13 23:13:22,494 - TEST TODO APPLICATION - DEBUG - Adds task: test_task_add
2021-01-13 23:13:22,538 - TEST TODO APPLICATION - DEBUG - Check added task test_task_add is visible to the user
2021-01-13 23:13:22,538 - TEST TODO APPLICATION - INFO - Modify "test_task_add"
2021-01-13 23:13:22,572 - TEST TODO APPLICATION - INFO - Modify "test_task_add" task again
2021-01-13 23:13:22,605 - TEST TODO APPLICATION - INFO - Delete task: "test_task_add"
2021-01-13 23:13:22,637 - TEST TODO APPLICATION - INFO - Add a new task to the page
2021-01-13 23:13:22,637 - TEST TODO APPLICATION - DEBUG - Adds task: test_task_add
2021-01-13 23:13:22,684 - TEST TODO APPLICATION - DEBUG - Check added task test_task_add is visible to the user
2021-01-13 23:13:22,684 - TEST TODO APPLICATION - INFO - Modify "test_task_add"
2021-01-13 23:13:22,718 - TEST TODO APPLICATION - INFO - Modify "test_task_add" task again
2021-01-13 23:13:22,755 - TEST TODO APPLICATION - INFO - Delete task: "test_task_add"
2021-01-13 23:13:22,789 - TEST TODO APPLICATION - INFO - Add a new task to the page
2021-01-13 23:13:22,789 - TEST TODO APPLICATION - DEBUG - Adds task: test_task_add
2021-01-13 23:13:22,834 - TEST TODO APPLICATION - DEBUG - Check added task test_task_add is visible to the user
2021-01-13 23:13:22,834 - TEST TODO APPLICATION - INFO - Modify "test_task_add"
2021-01-13 23:13:22,869 - TEST TODO APPLICATION - INFO - Modify "test_task_add" task again
2021-01-13 23:13:22,903 - TEST TODO APPLICATION - INFO - Delete task: "test_task_add"
2021-01-13 23:13:22,936 - TEST TODO APPLICATION - INFO - Add a new task to the page
2021-01-13 23:13:22,936 - TEST TODO APPLICATION - DEBUG - Adds task: test_task_add
2021-01-13 23:13:22,978 - TEST TODO APPLICATION - DEBUG - Check added task test_task_add is visible to the user
2021-01-13 23:13:22,978 - TEST TODO APPLICATION - INFO - Modify "test_task_add"
2021-01-13 23:13:23,012 - TEST TODO APPLICATION - INFO - Modify "test_task_add" task again
2021-01-13 23:13:23,045 - TEST TODO APPLICATION - INFO - Delete task: "test_task_add"
2021-01-13 23:13:23,078 - TEST TODO APPLICATION - INFO - Add a new task to the page
2021-01-13 23:13:23,078 - TEST TODO APPLICATION - DEBUG - Adds task: test_task_add
2021-01-13 23:13:23,118 - TEST TODO APPLICATION - DEBUG - Check added task test_task_add is visible to the user
2021-01-13 23:13:23,119 - TEST TODO APPLICATION - INFO - Modify "test_task_add"
2021-01-13 23:13:23,153 - TEST TODO APPLICATION - INFO - Modify "test_task_add" task again
2021-01-13 23:13:23,187 - TEST TODO APPLICATION - INFO - Delete task: "test_task_add"
2021-01-13 23:13:23,222 - TEST TODO APPLICATION - INFO - Add a new task to the page
2021-01-13 23:13:23,222 - TEST TODO APPLICATION - DEBUG - Adds task: test_task_add
2021-01-13 23:13:23,262 - TEST TODO APPLICATION - DEBUG - Check added task test_task_add is visible to the user
2021-01-13 23:13:23,262 - TEST TODO APPLICATION - INFO - Modify "test_task_add"
2021-01-13 23:13:23,298 - TEST TODO APPLICATION - INFO - Modify "test_task_add" task again
2021-01-13 23:13:23,329 - TEST TODO APPLICATION - INFO - Delete task: "test_task_add"
2021-01-13 23:13:23,357 - TEST TODO APPLICATION - INFO - Add a new task to the page
2021-01-13 23:13:23,357 - TEST TODO APPLICATION - DEBUG - Adds task: test_task_add
2021-01-13 23:13:23,394 - TEST TODO APPLICATION - DEBUG - Check added task test_task_add is visible to the user
2021-01-13 23:13:23,394 - TEST TODO APPLICATION - INFO - Modify "test_task_add"
2021-01-13 23:13:23,430 - TEST TODO APPLICATION - INFO - Modify "test_task_add" task again
2021-01-13 23:13:23,462 - TEST TODO APPLICATION - INFO - Delete task: "test_task_add"
2021-01-13 23:13:23,495 - TEST TODO APPLICATION - INFO - Add a new task to the page
2021-01-13 23:13:23,495 - TEST TODO APPLICATION - DEBUG - Adds task: test_task_add
2021-01-13 23:13:23,538 - TEST TODO APPLICATION - DEBUG - Check added task test_task_add is visible to the user
2021-01-13 23:13:23,538 - TEST TODO APPLICATION - INFO - Modify "test_task_add"
2021-01-13 23:13:23,573 - TEST TODO APPLICATION - INFO - Modify "test_task_add" task again
2021-01-13 23:13:23,605 - TEST TODO APPLICATION - INFO - Delete task: "test_task_add"
2021-01-13 23:13:23,640 - TEST TODO APPLICATION - INFO - Add a new task to the page
2021-01-13 23:13:23,641 - TEST TODO APPLICATION - DEBUG - Adds task: test_task_add
2021-01-13 23:13:23,685 - TEST TODO APPLICATION - DEBUG - Check added task test_task_add is visible to the user
2021-01-13 23:13:23,685 - TEST TODO APPLICATION - INFO - Modify "test_task_add"
2021-01-13 23:13:23,720 - TEST TODO APPLICATION - INFO - Modify "test_task_add" task again
2021-01-13 23:13:23,753 - TEST TODO APPLICATION - INFO - Delete task: "test_task_add"
2021-01-13 23:13:23,785 - TEST TODO APPLICATION - INFO - Add a new task to the page
2021-01-13 23:13:23,785 - TEST TODO APPLICATION - DEBUG - Adds task: test_task_add
2021-01-13 23:13:23,828 - TEST TODO APPLICATION - DEBUG - Check added task test_task_add is visible to the user
2021-01-13 23:13:23,829 - TEST TODO APPLICATION - INFO - Modify "test_task_add"
2021-01-13 23:13:23,862 - TEST TODO APPLICATION - INFO - Modify "test_task_add" task again
2021-01-13 23:13:23,896 - TEST TODO APPLICATION - INFO - Delete task: "test_task_add"
2021-01-13 23:13:23,929 - TEST TODO APPLICATION - INFO - Add a new task to the page
2021-01-13 23:13:23,929 - TEST TODO APPLICATION - DEBUG - Adds task: test_task_add
2021-01-13 23:13:23,970 - TEST TODO APPLICATION - DEBUG - Check added task test_task_add is visible to the user
2021-01-13 23:13:23,970 - TEST TODO APPLICATION - INFO - Modify "test_task_add"
2021-01-13 23:13:24,004 - TEST TODO APPLICATION - INFO - Modify "test_task_add" task again
2021-01-13 23:13:24,037 - TEST TODO APPLICATION - INFO - Delete task: "test_task_add"
2021-01-13 23:13:24,070 - TEST TODO APPLICATION - INFO - Add a new task to the page
2021-01-13 23:13:24,070 - TEST TODO APPLICATION - DEBUG - Adds task: test_task_add
2021-01-13 23:13:24,110 - TEST TODO APPLICATION - DEBUG - Check added task test_task_add is visible to the user
2021-01-13 23:13:24,110 - TEST TODO APPLICATION - INFO - Modify "test_task_add"
2021-01-13 23:13:24,144 - TEST TODO APPLICATION - INFO - Modify "test_task_add" task again
2021-01-13 23:13:24,178 - TEST TODO APPLICATION - INFO - Delete task: "test_task_add"
2021-01-13 23:13:24,208 - TEST TODO APPLICATION - INFO - Add a new task to the page
2021-01-13 23:13:24,209 - TEST TODO APPLICATION - DEBUG - Adds task: test_task_add
2021-01-13 23:13:24,252 - TEST TODO APPLICATION - DEBUG - Check added task test_task_add is visible to the user
2021-01-13 23:13:24,252 - TEST TODO APPLICATION - INFO - Modify "test_task_add"
2021-01-13 23:13:24,285 - TEST TODO APPLICATION - INFO - Modify "test_task_add" task again
2021-01-13 23:13:24,313 - TEST TODO APPLICATION - INFO - Delete task: "test_task_add"
2021-01-13 23:13:24,340 - TEST TODO APPLICATION - INFO - Add a new task to the page
2021-01-13 23:13:24,340 - TEST TODO APPLICATION - DEBUG - Adds task: test_task_add
2021-01-13 23:13:24,377 - TEST TODO APPLICATION - DEBUG - Check added task test_task_add is visible to the user
2021-01-13 23:13:24,377 - TEST TODO APPLICATION - INFO - Modify "test_task_add"
2021-01-13 23:13:24,413 - TEST TODO APPLICATION - INFO - Modify "test_task_add" task again
2021-01-13 23:13:24,443 - TEST TODO APPLICATION - INFO - Delete task: "test_task_add"
2021-01-13 23:13:24,471 - TEST TODO APPLICATION - INFO - Add a new task to the page
2021-01-13 23:13:24,471 - TEST TODO APPLICATION - DEBUG - Adds task: test_task_add
2021-01-13 23:13:24,508 - TEST TODO APPLICATION - DEBUG - Check added task test_task_add is visible to the user
2021-01-13 23:13:24,508 - TEST TODO APPLICATION - INFO - Modify "test_task_add"
2021-01-13 23:13:24,542 - TEST TODO APPLICATION - INFO - Modify "test_task_add" task again
2021-01-13 23:13:24,573 - TEST TODO APPLICATION - INFO - Delete task: "test_task_add"
2021-01-13 23:13:24,604 - TEST TODO APPLICATION - INFO - Add a new task to the page
2021-01-13 23:13:24,604 - TEST TODO APPLICATION - DEBUG - Adds task: test_task_add
2021-01-13 23:13:24,645 - TEST TODO APPLICATION - DEBUG - Check added task test_task_add is visible to the user
2021-01-13 23:13:24,645 - TEST TODO APPLICATION - INFO - Modify "test_task_add"
2021-01-13 23:13:24,681 - TEST TODO APPLICATION - INFO - Modify "test_task_add" task again
2021-01-13 23:13:24,714 - TEST TODO APPLICATION - INFO - Delete task: "test_task_add"
2021-01-13 23:13:24,746 - TEST TODO APPLICATION - INFO - Add a new task to the page
2021-01-13 23:13:24,746 - TEST TODO APPLICATION - DEBUG - Adds task: test_task_add
2021-01-13 23:13:24,783 - TEST TODO APPLICATION - DEBUG - Check added task test_task_add is visible to the user
2021-01-13 23:13:24,783 - TEST TODO APPLICATION - INFO - Modify "test_task_add"
2021-01-13 23:13:24,817 - TEST TODO APPLICATION - INFO - Modify "test_task_add" task again
2021-01-13 23:13:24,845 - TEST TODO APPLICATION - INFO - Delete task: "test_task_add"
2021-01-13 23:13:24,873 - TEST TODO APPLICATION - INFO - Add a new task to the page
2021-01-13 23:13:24,873 - TEST TODO APPLICATION - DEBUG - Adds task: test_task_add
2021-01-13 23:13:24,912 - TEST TODO APPLICATION - DEBUG - Check added task test_task_add is visible to the user
2021-01-13 23:13:24,912 - TEST TODO APPLICATION - INFO - Modify "test_task_add"
2021-01-13 23:13:24,948 - TEST TODO APPLICATION - INFO - Modify "test_task_add" task again
2021-01-13 23:13:24,979 - TEST TODO APPLICATION - INFO - Delete task: "test_task_add"
2021-01-13 23:13:25,006 - TEST TODO APPLICATION - INFO - Add 100 new task to the page, modify all and then delete all the tasks
2021-01-13 23:13:25,006 - TEST TODO APPLICATION - INFO - Add a 100 new task to the page
2021-01-13 23:13:25,006 - TEST TODO APPLICATION - DEBUG - Adds task: task0
2021-01-13 23:13:25,039 - TEST TODO APPLICATION - DEBUG - Check added task task0 is visible to the user
2021-01-13 23:13:25,039 - TEST TODO APPLICATION - DEBUG - Adds task: task1
2021-01-13 23:13:25,074 - TEST TODO APPLICATION - DEBUG - Check added task task1 is visible to the user
2021-01-13 23:13:25,074 - TEST TODO APPLICATION - DEBUG - Adds task: task2
2021-01-13 23:13:25,109 - TEST TODO APPLICATION - DEBUG - Check added task task2 is visible to the user
2021-01-13 23:13:25,110 - TEST TODO APPLICATION - DEBUG - Adds task: task3
2021-01-13 23:13:25,150 - TEST TODO APPLICATION - DEBUG - Check added task task3 is visible to the user
2021-01-13 23:13:25,150 - TEST TODO APPLICATION - DEBUG - Adds task: task4
2021-01-13 23:13:25,186 - TEST TODO APPLICATION - DEBUG - Check added task task4 is visible to the user
2021-01-13 23:13:25,186 - TEST TODO APPLICATION - DEBUG - Adds task: task5
2021-01-13 23:13:25,222 - TEST TODO APPLICATION - DEBUG - Check added task task5 is visible to the user
2021-01-13 23:13:25,222 - TEST TODO APPLICATION - DEBUG - Adds task: task6
2021-01-13 23:13:25,258 - TEST TODO APPLICATION - DEBUG - Check added task task6 is visible to the user
2021-01-13 23:13:25,258 - TEST TODO APPLICATION - DEBUG - Adds task: task7
2021-01-13 23:13:25,293 - TEST TODO APPLICATION - DEBUG - Check added task task7 is visible to the user
2021-01-13 23:13:25,293 - TEST TODO APPLICATION - DEBUG - Adds task: task8
2021-01-13 23:13:25,328 - TEST TODO APPLICATION - DEBUG - Check added task task8 is visible to the user
2021-01-13 23:13:25,328 - TEST TODO APPLICATION - DEBUG - Adds task: task9
2021-01-13 23:13:25,362 - TEST TODO APPLICATION - DEBUG - Check added task task9 is visible to the user
2021-01-13 23:13:25,363 - TEST TODO APPLICATION - DEBUG - Adds task: task10
2021-01-13 23:13:25,400 - TEST TODO APPLICATION - DEBUG - Check added task task10 is visible to the user
2021-01-13 23:13:25,400 - TEST TODO APPLICATION - DEBUG - Adds task: task11
2021-01-13 23:13:25,436 - TEST TODO APPLICATION - DEBUG - Check added task task11 is visible to the user
2021-01-13 23:13:25,436 - TEST TODO APPLICATION - DEBUG - Adds task: task12
2021-01-13 23:13:25,473 - TEST TODO APPLICATION - DEBUG - Check added task task12 is visible to the user
2021-01-13 23:13:25,473 - TEST TODO APPLICATION - DEBUG - Adds task: task13
2021-01-13 23:13:25,508 - TEST TODO APPLICATION - DEBUG - Check added task task13 is visible to the user
2021-01-13 23:13:25,508 - TEST TODO APPLICATION - DEBUG - Adds task: task14
2021-01-13 23:13:25,544 - TEST TODO APPLICATION - DEBUG - Check added task task14 is visible to the user
2021-01-13 23:13:25,544 - TEST TODO APPLICATION - DEBUG - Adds task: task15
2021-01-13 23:13:25,579 - TEST TODO APPLICATION - DEBUG - Check added task task15 is visible to the user
2021-01-13 23:13:25,579 - TEST TODO APPLICATION - DEBUG - Adds task: task16
2021-01-13 23:13:25,614 - TEST TODO APPLICATION - DEBUG - Check added task task16 is visible to the user
2021-01-13 23:13:25,614 - TEST TODO APPLICATION - DEBUG - Adds task: task17
2021-01-13 23:13:25,660 - TEST TODO APPLICATION - DEBUG - Check added task task17 is visible to the user
2021-01-13 23:13:25,661 - TEST TODO APPLICATION - DEBUG - Adds task: task18
2021-01-13 23:13:25,702 - TEST TODO APPLICATION - DEBUG - Check added task task18 is visible to the user
2021-01-13 23:13:25,702 - TEST TODO APPLICATION - DEBUG - Adds task: task19
2021-01-13 23:13:25,738 - TEST TODO APPLICATION - DEBUG - Check added task task19 is visible to the user
2021-01-13 23:13:25,738 - TEST TODO APPLICATION - DEBUG - Adds task: task20
2021-01-13 23:13:25,774 - TEST TODO APPLICATION - DEBUG - Check added task task20 is visible to the user
2021-01-13 23:13:25,774 - TEST TODO APPLICATION - DEBUG - Adds task: task21
2021-01-13 23:13:25,811 - TEST TODO APPLICATION - DEBUG - Check added task task21 is visible to the user
2021-01-13 23:13:25,811 - TEST TODO APPLICATION - DEBUG - Adds task: task22
2021-01-13 23:13:25,847 - TEST TODO APPLICATION - DEBUG - Check added task task22 is visible to the user
2021-01-13 23:13:25,847 - TEST TODO APPLICATION - DEBUG - Adds task: task23
2021-01-13 23:13:25,887 - TEST TODO APPLICATION - DEBUG - Check added task task23 is visible to the user
2021-01-13 23:13:25,887 - TEST TODO APPLICATION - DEBUG - Adds task: task24
2021-01-13 23:13:25,924 - TEST TODO APPLICATION - DEBUG - Check added task task24 is visible to the user
2021-01-13 23:13:25,925 - TEST TODO APPLICATION - DEBUG - Adds task: task25
2021-01-13 23:13:25,961 - TEST TODO APPLICATION - DEBUG - Check added task task25 is visible to the user
2021-01-13 23:13:25,961 - TEST TODO APPLICATION - DEBUG - Adds task: task26
2021-01-13 23:13:25,998 - TEST TODO APPLICATION - DEBUG - Check added task task26 is visible to the user
2021-01-13 23:13:25,998 - TEST TODO APPLICATION - DEBUG - Adds task: task27
2021-01-13 23:13:26,037 - TEST TODO APPLICATION - DEBUG - Check added task task27 is visible to the user
2021-01-13 23:13:26,037 - TEST TODO APPLICATION - DEBUG - Adds task: task28
2021-01-13 23:13:26,074 - TEST TODO APPLICATION - DEBUG - Check added task task28 is visible to the user
2021-01-13 23:13:26,074 - TEST TODO APPLICATION - DEBUG - Adds task: task29
2021-01-13 23:13:26,112 - TEST TODO APPLICATION - DEBUG - Check added task task29 is visible to the user
2021-01-13 23:13:26,112 - TEST TODO APPLICATION - DEBUG - Adds task: task30
2021-01-13 23:13:26,149 - TEST TODO APPLICATION - DEBUG - Check added task task30 is visible to the user
2021-01-13 23:13:26,149 - TEST TODO APPLICATION - DEBUG - Adds task: task31
2021-01-13 23:13:26,185 - TEST TODO APPLICATION - DEBUG - Check added task task31 is visible to the user
2021-01-13 23:13:26,186 - TEST TODO APPLICATION - DEBUG - Adds task: task32
2021-01-13 23:13:26,223 - TEST TODO APPLICATION - DEBUG - Check added task task32 is visible to the user
2021-01-13 23:13:26,223 - TEST TODO APPLICATION - DEBUG - Adds task: task33
2021-01-13 23:13:26,261 - TEST TODO APPLICATION - DEBUG - Check added task task33 is visible to the user
2021-01-13 23:13:26,261 - TEST TODO APPLICATION - DEBUG - Adds task: task34
2021-01-13 23:13:26,297 - TEST TODO APPLICATION - DEBUG - Check added task task34 is visible to the user
2021-01-13 23:13:26,297 - TEST TODO APPLICATION - DEBUG - Adds task: task35
2021-01-13 23:13:26,333 - TEST TODO APPLICATION - DEBUG - Check added task task35 is visible to the user
2021-01-13 23:13:26,333 - TEST TODO APPLICATION - DEBUG - Adds task: task36
2021-01-13 23:13:26,369 - TEST TODO APPLICATION - DEBUG - Check added task task36 is visible to the user
2021-01-13 23:13:26,369 - TEST TODO APPLICATION - DEBUG - Adds task: task37
2021-01-13 23:13:26,406 - TEST TODO APPLICATION - DEBUG - Check added task task37 is visible to the user
2021-01-13 23:13:26,406 - TEST TODO APPLICATION - DEBUG - Adds task: task38
2021-01-13 23:13:26,442 - TEST TODO APPLICATION - DEBUG - Check added task task38 is visible to the user
2021-01-13 23:13:26,442 - TEST TODO APPLICATION - DEBUG - Adds task: task39
2021-01-13 23:13:26,479 - TEST TODO APPLICATION - DEBUG - Check added task task39 is visible to the user
2021-01-13 23:13:26,479 - TEST TODO APPLICATION - DEBUG - Adds task: task40
2021-01-13 23:13:26,516 - TEST TODO APPLICATION - DEBUG - Check added task task40 is visible to the user
2021-01-13 23:13:26,516 - TEST TODO APPLICATION - DEBUG - Adds task: task41
2021-01-13 23:13:26,552 - TEST TODO APPLICATION - DEBUG - Check added task task41 is visible to the user
2021-01-13 23:13:26,552 - TEST TODO APPLICATION - DEBUG - Adds task: task42
2021-01-13 23:13:26,589 - TEST TODO APPLICATION - DEBUG - Check added task task42 is visible to the user
2021-01-13 23:13:26,592 - TEST TODO APPLICATION - DEBUG - Adds task: task43
2021-01-13 23:13:26,631 - TEST TODO APPLICATION - DEBUG - Check added task task43 is visible to the user
2021-01-13 23:13:26,631 - TEST TODO APPLICATION - DEBUG - Adds task: task44
2021-01-13 23:13:26,673 - TEST TODO APPLICATION - DEBUG - Check added task task44 is visible to the user
2021-01-13 23:13:26,673 - TEST TODO APPLICATION - DEBUG - Adds task: task45
2021-01-13 23:13:26,710 - TEST TODO APPLICATION - DEBUG - Check added task task45 is visible to the user
2021-01-13 23:13:26,711 - TEST TODO APPLICATION - DEBUG - Adds task: task46
2021-01-13 23:13:26,747 - TEST TODO APPLICATION - DEBUG - Check added task task46 is visible to the user
2021-01-13 23:13:26,747 - TEST TODO APPLICATION - DEBUG - Adds task: task47
2021-01-13 23:13:26,785 - TEST TODO APPLICATION - DEBUG - Check added task task47 is visible to the user
2021-01-13 23:13:26,785 - TEST TODO APPLICATION - DEBUG - Adds task: task48
2021-01-13 23:13:26,826 - TEST TODO APPLICATION - DEBUG - Check added task task48 is visible to the user
2021-01-13 23:13:26,826 - TEST TODO APPLICATION - DEBUG - Adds task: task49
2021-01-13 23:13:26,862 - TEST TODO APPLICATION - DEBUG - Check added task task49 is visible to the user
2021-01-13 23:13:26,863 - TEST TODO APPLICATION - DEBUG - Adds task: task50
2021-01-13 23:13:26,899 - TEST TODO APPLICATION - DEBUG - Check added task task50 is visible to the user
2021-01-13 23:13:26,899 - TEST TODO APPLICATION - DEBUG - Adds task: task51
2021-01-13 23:13:26,937 - TEST TODO APPLICATION - DEBUG - Check added task task51 is visible to the user
2021-01-13 23:13:26,937 - TEST TODO APPLICATION - DEBUG - Adds task: task52
2021-01-13 23:13:26,975 - TEST TODO APPLICATION - DEBUG - Check added task task52 is visible to the user
2021-01-13 23:13:26,975 - TEST TODO APPLICATION - DEBUG - Adds task: task53
2021-01-13 23:13:27,014 - TEST TODO APPLICATION - DEBUG - Check added task task53 is visible to the user
2021-01-13 23:13:27,014 - TEST TODO APPLICATION - DEBUG - Adds task: task54
2021-01-13 23:13:27,052 - TEST TODO APPLICATION - DEBUG - Check added task task54 is visible to the user
2021-01-13 23:13:27,052 - TEST TODO APPLICATION - DEBUG - Adds task: task55
2021-01-13 23:13:27,090 - TEST TODO APPLICATION - DEBUG - Check added task task55 is visible to the user
2021-01-13 23:13:27,090 - TEST TODO APPLICATION - DEBUG - Adds task: task56
2021-01-13 23:13:27,129 - TEST TODO APPLICATION - DEBUG - Check added task task56 is visible to the user
2021-01-13 23:13:27,129 - TEST TODO APPLICATION - DEBUG - Adds task: task57
2021-01-13 23:13:27,170 - TEST TODO APPLICATION - DEBUG - Check added task task57 is visible to the user
2021-01-13 23:13:27,170 - TEST TODO APPLICATION - DEBUG - Adds task: task58
2021-01-13 23:13:27,209 - TEST TODO APPLICATION - DEBUG - Check added task task58 is visible to the user
2021-01-13 23:13:27,209 - TEST TODO APPLICATION - DEBUG - Adds task: task59
2021-01-13 23:13:27,245 - TEST TODO APPLICATION - DEBUG - Check added task task59 is visible to the user
2021-01-13 23:13:27,246 - TEST TODO APPLICATION - DEBUG - Adds task: task60
2021-01-13 23:13:27,282 - TEST TODO APPLICATION - DEBUG - Check added task task60 is visible to the user
2021-01-13 23:13:27,282 - TEST TODO APPLICATION - DEBUG - Adds task: task61
2021-01-13 23:13:27,319 - TEST TODO APPLICATION - DEBUG - Check added task task61 is visible to the user
2021-01-13 23:13:27,319 - TEST TODO APPLICATION - DEBUG - Adds task: task62
2021-01-13 23:13:27,357 - TEST TODO APPLICATION - DEBUG - Check added task task62 is visible to the user
2021-01-13 23:13:27,358 - TEST TODO APPLICATION - DEBUG - Adds task: task63
2021-01-13 23:13:27,393 - TEST TODO APPLICATION - DEBUG - Check added task task63 is visible to the user
2021-01-13 23:13:27,393 - TEST TODO APPLICATION - DEBUG - Adds task: task64
2021-01-13 23:13:27,429 - TEST TODO APPLICATION - DEBUG - Check added task task64 is visible to the user
2021-01-13 23:13:27,429 - TEST TODO APPLICATION - DEBUG - Adds task: task65
2021-01-13 23:13:27,464 - TEST TODO APPLICATION - DEBUG - Check added task task65 is visible to the user
2021-01-13 23:13:27,464 - TEST TODO APPLICATION - DEBUG - Adds task: task66
2021-01-13 23:13:27,502 - TEST TODO APPLICATION - DEBUG - Check added task task66 is visible to the user
2021-01-13 23:13:27,502 - TEST TODO APPLICATION - DEBUG - Adds task: task67
2021-01-13 23:13:27,539 - TEST TODO APPLICATION - DEBUG - Check added task task67 is visible to the user
2021-01-13 23:13:27,539 - TEST TODO APPLICATION - DEBUG - Adds task: task68
2021-01-13 23:13:27,575 - TEST TODO APPLICATION - DEBUG - Check added task task68 is visible to the user
2021-01-13 23:13:27,575 - TEST TODO APPLICATION - DEBUG - Adds task: task69
2021-01-13 23:13:27,610 - TEST TODO APPLICATION - DEBUG - Check added task task69 is visible to the user
2021-01-13 23:13:27,610 - TEST TODO APPLICATION - DEBUG - Adds task: task70
2021-01-13 23:13:27,646 - TEST TODO APPLICATION - DEBUG - Check added task task70 is visible to the user
2021-01-13 23:13:27,646 - TEST TODO APPLICATION - DEBUG - Adds task: task71
2021-01-13 23:13:27,680 - TEST TODO APPLICATION - DEBUG - Check added task task71 is visible to the user
2021-01-13 23:13:27,680 - TEST TODO APPLICATION - DEBUG - Adds task: task72
2021-01-13 23:13:27,715 - TEST TODO APPLICATION - DEBUG - Check added task task72 is visible to the user
2021-01-13 23:13:27,716 - TEST TODO APPLICATION - DEBUG - Adds task: task73
2021-01-13 23:13:27,751 - TEST TODO APPLICATION - DEBUG - Check added task task73 is visible to the user
2021-01-13 23:13:27,751 - TEST TODO APPLICATION - DEBUG - Adds task: task74
2021-01-13 23:13:27,785 - TEST TODO APPLICATION - DEBUG - Check added task task74 is visible to the user
2021-01-13 23:13:27,785 - TEST TODO APPLICATION - DEBUG - Adds task: task75
2021-01-13 23:13:27,820 - TEST TODO APPLICATION - DEBUG - Check added task task75 is visible to the user
2021-01-13 23:13:27,820 - TEST TODO APPLICATION - DEBUG - Adds task: task76
2021-01-13 23:13:27,855 - TEST TODO APPLICATION - DEBUG - Check added task task76 is visible to the user
2021-01-13 23:13:27,855 - TEST TODO APPLICATION - DEBUG - Adds task: task77
2021-01-13 23:13:27,890 - TEST TODO APPLICATION - DEBUG - Check added task task77 is visible to the user
2021-01-13 23:13:27,891 - TEST TODO APPLICATION - DEBUG - Adds task: task78
2021-01-13 23:13:27,929 - TEST TODO APPLICATION - DEBUG - Check added task task78 is visible to the user
2021-01-13 23:13:27,930 - TEST TODO APPLICATION - DEBUG - Adds task: task79
2021-01-13 23:13:27,965 - TEST TODO APPLICATION - DEBUG - Check added task task79 is visible to the user
2021-01-13 23:13:27,966 - TEST TODO APPLICATION - DEBUG - Adds task: task80
2021-01-13 23:13:28,000 - TEST TODO APPLICATION - DEBUG - Check added task task80 is visible to the user
2021-01-13 23:13:28,000 - TEST TODO APPLICATION - DEBUG - Adds task: task81
2021-01-13 23:13:28,036 - TEST TODO APPLICATION - DEBUG - Check added task task81 is visible to the user
2021-01-13 23:13:28,036 - TEST TODO APPLICATION - DEBUG - Adds task: task82
2021-01-13 23:13:28,071 - TEST TODO APPLICATION - DEBUG - Check added task task82 is visible to the user
2021-01-13 23:13:28,071 - TEST TODO APPLICATION - DEBUG - Adds task: task83
2021-01-13 23:13:28,108 - TEST TODO APPLICATION - DEBUG - Check added task task83 is visible to the user
2021-01-13 23:13:28,108 - TEST TODO APPLICATION - DEBUG - Adds task: task84
2021-01-13 23:13:28,144 - TEST TODO APPLICATION - DEBUG - Check added task task84 is visible to the user
2021-01-13 23:13:28,144 - TEST TODO APPLICATION - DEBUG - Adds task: task85
2021-01-13 23:13:28,180 - TEST TODO APPLICATION - DEBUG - Check added task task85 is visible to the user
2021-01-13 23:13:28,180 - TEST TODO APPLICATION - DEBUG - Adds task: task86
2021-01-13 23:13:28,220 - TEST TODO APPLICATION - DEBUG - Check added task task86 is visible to the user
2021-01-13 23:13:28,220 - TEST TODO APPLICATION - DEBUG - Adds task: task87
2021-01-13 23:13:28,257 - TEST TODO APPLICATION - DEBUG - Check added task task87 is visible to the user
2021-01-13 23:13:28,257 - TEST TODO APPLICATION - DEBUG - Adds task: task88
2021-01-13 23:13:28,293 - TEST TODO APPLICATION - DEBUG - Check added task task88 is visible to the user
2021-01-13 23:13:28,293 - TEST TODO APPLICATION - DEBUG - Adds task: task89
2021-01-13 23:13:28,329 - TEST TODO APPLICATION - DEBUG - Check added task task89 is visible to the user
2021-01-13 23:13:28,329 - TEST TODO APPLICATION - DEBUG - Adds task: task90
2021-01-13 23:13:28,363 - TEST TODO APPLICATION - DEBUG - Check added task task90 is visible to the user
2021-01-13 23:13:28,364 - TEST TODO APPLICATION - DEBUG - Adds task: task91
2021-01-13 23:13:28,398 - TEST TODO APPLICATION - DEBUG - Check added task task91 is visible to the user
2021-01-13 23:13:28,398 - TEST TODO APPLICATION - DEBUG - Adds task: task92
2021-01-13 23:13:28,434 - TEST TODO APPLICATION - DEBUG - Check added task task92 is visible to the user
2021-01-13 23:13:28,435 - TEST TODO APPLICATION - DEBUG - Adds task: task93
2021-01-13 23:13:28,471 - TEST TODO APPLICATION - DEBUG - Check added task task93 is visible to the user
2021-01-13 23:13:28,471 - TEST TODO APPLICATION - DEBUG - Adds task: task94
2021-01-13 23:13:28,509 - TEST TODO APPLICATION - DEBUG - Check added task task94 is visible to the user
2021-01-13 23:13:28,509 - TEST TODO APPLICATION - DEBUG - Adds task: task95
2021-01-13 23:13:28,545 - TEST TODO APPLICATION - DEBUG - Check added task task95 is visible to the user
2021-01-13 23:13:28,545 - TEST TODO APPLICATION - DEBUG - Adds task: task96
2021-01-13 23:13:28,579 - TEST TODO APPLICATION - DEBUG - Check added task task96 is visible to the user
2021-01-13 23:13:28,579 - TEST TODO APPLICATION - DEBUG - Adds task: task97
2021-01-13 23:13:28,614 - TEST TODO APPLICATION - DEBUG - Check added task task97 is visible to the user
2021-01-13 23:13:28,614 - TEST TODO APPLICATION - DEBUG - Adds task: task98
2021-01-13 23:13:28,650 - TEST TODO APPLICATION - DEBUG - Check added task task98 is visible to the user
2021-01-13 23:13:28,650 - TEST TODO APPLICATION - DEBUG - Adds task: task99
2021-01-13 23:13:28,686 - TEST TODO APPLICATION - DEBUG - Check added task task99 is visible to the user
2021-01-13 23:13:28,687 - TEST TODO APPLICATION - INFO - Modify all 100 tasks
2021-01-13 23:13:31,267 - TEST TODO APPLICATION - INFO - Modify all 100 tasks again
2021-01-13 23:13:33,813 - TEST TODO APPLICATION - INFO - Delete tall 100 tasks
